[0mCMake Deprecation Warning at CMakeLists.txt:1 (cmake_minimum_required):
  Compatibility with CMake < 3.10 will be removed from a future version of
  CMake.

  Update the VERSION argument <min> value.  Or, use the <min>...<max> syntax
  to tell CMake that the project requires at least <min> but has been updated
  to work with policies introduced by <max> or earlier.

[0m
-- Found control_msgs: 4.8.0 (/opt/ros/humble/share/control_msgs/cmake)
-- Found rosidl_generator_c: 3.1.8 (/opt/ros/humble/share/rosidl_generator_c/cmake)
-- Found rosidl_adapter: 3.1.8 (/opt/ros/humble/share/rosidl_adapter/cmake)
-- Found rosidl_generator_cpp: 3.1.8 (/opt/ros/humble/share/rosidl_generator_cpp/cmake)
-- Using all available rosidl_typesupport_c: rosidl_typesupport_fastrtps_c;rosidl_typesupport_introspection_c
-- Using all available rosidl_typesupport_cpp: rosidl_typesupport_fastrtps_cpp;rosidl_typesupport_introspection_cpp
-- Found hardware_interface: 2.53.0 (/opt/ros/humble/share/hardware_interface/cmake)
-- Found rmw_implementation_cmake: 6.1.2 (/opt/ros/humble/share/rmw_implementation_cmake/cmake)
-- Found rmw_fastrtps_cpp: 6.2.9 (/opt/ros/humble/share/rmw_fastrtps_cpp/cmake)
-- Found TinyXML2 via Config file: TinyXML2_DIR-NOTFOUND
-- Found TinyXML2 via Config file: TinyXML2_DIR-NOTFOUND
-- Found TinyXML2 via Config file: TinyXML2_DIR-NOTFOUND
-- Found TinyXML2 via Config file: TinyXML2_DIR-NOTFOUND
-- Using RMW implementation 'rmw_fastrtps_cpp' as default
-- Found ament_lint_auto: 0.12.14 (/opt/ros/humble/share/ament_lint_auto/cmake)
-- Added test 'copyright' to check source files copyright and LICENSE
-- Added test 'cppcheck' to perform static code analysis on C / C++ code
-- Configured cppcheck include dirs: $<BUILD_INTERFACE:/home/devika/new_manipulator/src/new_manipulator_hardware/hardware/include>
-- Configured cppcheck exclude dirs and/or files: 
-- Added test 'cpplint' to check C / C++ code against the Google style
-- Configured cpplint exclude dirs and/or files: 
-- Added test 'flake8' to check Python code syntax and style conventions
-- Added test 'lint_cmake' to check CMake code style
-- Added test 'pep257' to check Python code against some of the docstring style conventions in PEP 257
-- Added test 'uncrustify' to check C / C++ code style
-- Configured uncrustify additional arguments: 
-- Added test 'xmllint' to check XML markup files
-- Configuring done (1.4s)
-- Generating done (0.2s)
-- Build files have been written to: /home/devika/new_manipulator/src/build/new_manipulator_hardware
[100%] [0mBuilt target new_manipulator_hardware[0m
-- Install configuration: ""
-- Installing: /home/devika/new_manipulator/src/install/new_manipulator_hardware/share/new_manipulator_hardware/new_manipulator_hardware.xml
-- Installing: /home/devika/new_manipulator/src/install/new_manipulator_hardware/lib/libnew_manipulator_hardware.so
-- Set non-toolchain portion of runtime path of "/home/devika/new_manipulator/src/install/new_manipulator_hardware/lib/libnew_manipulator_hardware.so" to ""
-- Installing: /home/devika/new_manipulator/src/install/new_manipulator_hardware/include
-- Installing: /home/devika/new_manipulator/src/install/new_manipulator_hardware/include/new_manipulator_hardware
-- Installing: /home/devika/new_manipulator/src/install/new_manipulator_hardware/include/new_manipulator_hardware/microros_hardware.hpp
-- Installing: /home/devika/new_manipulator/src/install/new_manipulator_hardware/lib/new_manipulator_hardware/mode_switcher.py
-- Up-to-date: /home/devika/new_manipulator/src/install/new_manipulator_hardware/share/new_manipulator_hardware/new_manipulator_hardware.xml
-- Installing: /home/devika/new_manipulator/src/install/new_manipulator_hardware/share/new_manipulator_hardware/config
-- Installing: /home/devika/new_manipulator/src/install/new_manipulator_hardware/share/new_manipulator_hardware/config/controllers.yaml
-- Installing: /home/devika/new_manipulator/src/install/new_manipulator_hardware/share/new_manipulator_hardware/environment/library_path.sh
-- Installing: /home/devika/new_manipulator/src/install/new_manipulator_hardware/share/new_manipulator_hardware/environment/library_path.dsv
-- Installing: /home/devika/new_manipulator/src/install/new_manipulator_hardware/share/ament_index/resource_index/package_run_dependencies/new_manipulator_hardware
-- Installing: /home/devika/new_manipulator/src/install/new_manipulator_hardware/share/ament_index/resource_index/parent_prefix_path/new_manipulator_hardware
-- Installing: /home/devika/new_manipulator/src/install/new_manipulator_hardware/share/new_manipulator_hardware/environment/ament_prefix_path.sh
-- Installing: /home/devika/new_manipulator/src/install/new_manipulator_hardware/share/new_manipulator_hardware/environment/ament_prefix_path.dsv
-- Installing: /home/devika/new_manipulator/src/install/new_manipulator_hardware/share/new_manipulator_hardware/environment/path.sh
-- Installing: /home/devika/new_manipulator/src/install/new_manipulator_hardware/share/new_manipulator_hardware/environment/path.dsv
-- Installing: /home/devika/new_manipulator/src/install/new_manipulator_hardware/share/new_manipulator_hardware/local_setup.bash
-- Installing: /home/devika/new_manipulator/src/install/new_manipulator_hardware/share/new_manipulator_hardware/local_setup.sh
-- Installing: /home/devika/new_manipulator/src/install/new_manipulator_hardware/share/new_manipulator_hardware/local_setup.zsh
-- Installing: /home/devika/new_manipulator/src/install/new_manipulator_hardware/share/new_manipulator_hardware/local_setup.dsv
-- Installing: /home/devika/new_manipulator/src/install/new_manipulator_hardware/share/new_manipulator_hardware/package.dsv
-- Installing: /home/devika/new_manipulator/src/install/new_manipulator_hardware/share/ament_index/resource_index/packages/new_manipulator_hardware
-- Installing: /home/devika/new_manipulator/src/install/new_manipulator_hardware/share/ament_index/resource_index/hardware_interface__pluginlib__plugin/new_manipulator_hardware
-- Installing: /home/devika/new_manipulator/src/install/new_manipulator_hardware/share/new_manipulator_hardware/cmake/ament_cmake_export_include_directories-extras.cmake
-- Installing: /home/devika/new_manipulator/src/install/new_manipulator_hardware/share/new_manipulator_hardware/cmake/ament_cmake_export_libraries-extras.cmake
-- Installing: /home/devika/new_manipulator/src/install/new_manipulator_hardware/share/new_manipulator_hardware/cmake/ament_cmake_export_dependencies-extras.cmake
-- Installing: /home/devika/new_manipulator/src/install/new_manipulator_hardware/share/new_manipulator_hardware/cmake/new_manipulator_hardwareConfig.cmake
-- Installing: /home/devika/new_manipulator/src/install/new_manipulator_hardware/share/new_manipulator_hardware/cmake/new_manipulator_hardwareConfig-version.cmake
-- Installing: /home/devika/new_manipulator/src/install/new_manipulator_hardware/share/new_manipulator_hardware/package.xml
