[0.144s] DEBUG:colcon:Command line arguments: ['/usr/bin/colcon', 'build', '--cmake-args', '-DCMAKE_POLICY_VERSION_MINIMUM=3.5']
[0.144s] DEBUG:colcon:Parsed command line arguments: Namespace(log_base=None, log_level=None, verb_name='build', build_base='build', install_base='install', merge_install=False, symlink_install=False, test_result_base=None, continue_on_error=False, executor='parallel', parallel_workers=8, event_handlers=None, ignore_user_meta=False, metas=['./colcon.meta'], base_paths=['.'], packages_ignore=None, packages_ignore_regex=None, paths=None, packages_up_to=None, packages_up_to_regex=None, packages_above=None, packages_above_and_dependencies=None, packages_above_depth=None, packages_select_by_dep=None, packages_skip_by_dep=None, packages_skip_up_to=None, packages_select_build_failed=False, packages_skip_build_finished=False, packages_select_test_failures=False, packages_skip_test_passed=False, packages_select=None, packages_skip=None, packages_select_regex=None, packages_skip_regex=None, packages_start=None, packages_end=None, allow_overriding=[], cmake_args=['-DCMAKE_POLICY_VERSION_MINIMUM=3.5'], cmake_target=None, cmake_target_skip_unavailable=False, cmake_clean_cache=False, cmake_clean_first=False, cmake_force_configure=False, ament_cmake_args=None, catkin_cmake_args=None, catkin_skip_building_tests=False, mixin_files=None, mixin=None, verb_parser=<colcon_mixin.mixin.mixin_argument.MixinArgumentDecorator object at 0x7658601c9d80>, verb_extension=<colcon_core.verb.build.BuildVerb object at 0x7658601c98d0>, main=<bound method BuildVerb.main of <colcon_core.verb.build.BuildVerb object at 0x7658601c98d0>>, mixin_verb=('build',))
[0.829s] Level 1:colcon.colcon_core.package_discovery:discover_packages(colcon_meta) check parameters
[0.829s] Level 1:colcon.colcon_core.package_discovery:discover_packages(recursive) check parameters
[0.830s] Level 1:colcon.colcon_core.package_discovery:discover_packages(ignore) check parameters
[0.830s] Level 1:colcon.colcon_core.package_discovery:discover_packages(path) check parameters
[0.830s] Level 1:colcon.colcon_core.package_discovery:discover_packages(colcon_meta) discover
[0.830s] Level 1:colcon.colcon_core.package_discovery:discover_packages(recursive) discover
[0.830s] INFO:colcon.colcon_core.package_discovery:Crawling recursively for packages in '/home/devika/new_manipulator/src'
[0.830s] Level 1:colcon.colcon_core.package_identification:_identify(.) by extensions ['ignore', 'ignore_ament_install']
[0.830s] Level 1:colcon.colcon_core.package_identification:_identify(.) by extension 'ignore'
[0.830s] Level 1:colcon.colcon_core.package_identification:_identify(.) by extension 'ignore_ament_install'
[0.830s] Level 1:colcon.colcon_core.package_identification:_identify(.) by extensions ['colcon_pkg']
[0.830s] Level 1:colcon.colcon_core.package_identification:_identify(.) by extension 'colcon_pkg'
[0.830s] Level 1:colcon.colcon_core.package_identification:_identify(.) by extensions ['colcon_meta']
[0.830s] Level 1:colcon.colcon_core.package_identification:_identify(.) by extension 'colcon_meta'
[0.830s] Level 1:colcon.colcon_core.package_identification:_identify(.) by extensions ['ros']
[0.830s] Level 1:colcon.colcon_core.package_identification:_identify(.) by extension 'ros'
[0.903s] Level 1:colcon.colcon_core.package_identification:_identify(.) by extensions ['cmake', 'python']
[0.903s] Level 1:colcon.colcon_core.package_identification:_identify(.) by extension 'cmake'
[0.903s] Level 1:colcon.colcon_core.package_identification:_identify(.) by extension 'python'
[0.903s] Level 1:colcon.colcon_core.package_identification:_identify(.) by extensions ['python_setup_py']
[0.903s] Level 1:colcon.colcon_core.package_identification:_identify(.) by extension 'python_setup_py'
[0.903s] Level 1:colcon.colcon_core.package_identification:_identify(build) by extensions ['ignore', 'ignore_ament_install']
[0.903s] Level 1:colcon.colcon_core.package_identification:_identify(build) by extension 'ignore'
[0.903s] Level 1:colcon.colcon_core.package_identification:_identify(build) ignored
[0.904s] Level 1:colcon.colcon_core.package_identification:_identify(gazebo_ros2_control) by extensions ['ignore', 'ignore_ament_install']
[0.904s] Level 1:colcon.colcon_core.package_identification:_identify(gazebo_ros2_control) by extension 'ignore'
[0.904s] Level 1:colcon.colcon_core.package_identification:_identify(gazebo_ros2_control) by extension 'ignore_ament_install'
[0.904s] Level 1:colcon.colcon_core.package_identification:_identify(gazebo_ros2_control) by extensions ['colcon_pkg']
[0.904s] Level 1:colcon.colcon_core.package_identification:_identify(gazebo_ros2_control) by extension 'colcon_pkg'
[0.904s] Level 1:colcon.colcon_core.package_identification:_identify(gazebo_ros2_control) by extensions ['colcon_meta']
[0.904s] Level 1:colcon.colcon_core.package_identification:_identify(gazebo_ros2_control) by extension 'colcon_meta'
[0.904s] Level 1:colcon.colcon_core.package_identification:_identify(gazebo_ros2_control) by extensions ['ros']
[0.904s] Level 1:colcon.colcon_core.package_identification:_identify(gazebo_ros2_control) by extension 'ros'
[0.910s] DEBUG:colcon.colcon_core.package_identification:Package 'gazebo_ros2_control' with type 'ros.ament_cmake' and name 'gazebo_ros2_control'
[0.911s] Level 1:colcon.colcon_core.package_identification:_identify(install) by extensions ['ignore', 'ignore_ament_install']
[0.911s] Level 1:colcon.colcon_core.package_identification:_identify(install) by extension 'ignore'
[0.911s] Level 1:colcon.colcon_core.package_identification:_identify(install) ignored
[0.911s] Level 1:colcon.colcon_core.package_identification:_identify(joystick_cartesian_control) by extensions ['ignore', 'ignore_ament_install']
[0.911s] Level 1:colcon.colcon_core.package_identification:_identify(joystick_cartesian_control) by extension 'ignore'
[0.912s] Level 1:colcon.colcon_core.package_identification:_identify(joystick_cartesian_control) by extension 'ignore_ament_install'
[0.912s] Level 1:colcon.colcon_core.package_identification:_identify(joystick_cartesian_control) by extensions ['colcon_pkg']
[0.912s] Level 1:colcon.colcon_core.package_identification:_identify(joystick_cartesian_control) by extension 'colcon_pkg'
[0.912s] Level 1:colcon.colcon_core.package_identification:_identify(joystick_cartesian_control) by extensions ['colcon_meta']
[0.912s] Level 1:colcon.colcon_core.package_identification:_identify(joystick_cartesian_control) by extension 'colcon_meta'
[0.912s] Level 1:colcon.colcon_core.package_identification:_identify(joystick_cartesian_control) by extensions ['ros']
[0.912s] Level 1:colcon.colcon_core.package_identification:_identify(joystick_cartesian_control) by extension 'ros'
[0.914s] DEBUG:colcon.colcon_core.package_identification:Package 'joystick_cartesian_control' with type 'ros.ament_cmake' and name 'joystick_cartesian_control'
[0.914s] Level 1:colcon.colcon_core.package_identification:_identify(log) by extensions ['ignore', 'ignore_ament_install']
[0.914s] Level 1:colcon.colcon_core.package_identification:_identify(log) by extension 'ignore'
[0.914s] Level 1:colcon.colcon_core.package_identification:_identify(log) ignored
[0.914s] Level 1:colcon.colcon_core.package_identification:_identify(new_manipulator) by extensions ['ignore', 'ignore_ament_install']
[0.914s] Level 1:colcon.colcon_core.package_identification:_identify(new_manipulator) by extension 'ignore'
[0.915s] Level 1:colcon.colcon_core.package_identification:_identify(new_manipulator) by extension 'ignore_ament_install'
[0.915s] Level 1:colcon.colcon_core.package_identification:_identify(new_manipulator) by extensions ['colcon_pkg']
[0.915s] Level 1:colcon.colcon_core.package_identification:_identify(new_manipulator) by extension 'colcon_pkg'
[0.915s] Level 1:colcon.colcon_core.package_identification:_identify(new_manipulator) by extensions ['colcon_meta']
[0.915s] Level 1:colcon.colcon_core.package_identification:_identify(new_manipulator) by extension 'colcon_meta'
[0.915s] Level 1:colcon.colcon_core.package_identification:_identify(new_manipulator) by extensions ['ros']
[0.915s] Level 1:colcon.colcon_core.package_identification:_identify(new_manipulator) by extension 'ros'
[0.917s] DEBUG:colcon.colcon_core.package_identification:Package 'new_manipulator' with type 'ros.ament_cmake' and name 'new_manipulator'
[0.918s] Level 1:colcon.colcon_core.package_identification:_identify(new_manipulator_hardware) by extensions ['ignore', 'ignore_ament_install']
[0.918s] Level 1:colcon.colcon_core.package_identification:_identify(new_manipulator_hardware) by extension 'ignore'
[0.918s] Level 1:colcon.colcon_core.package_identification:_identify(new_manipulator_hardware) by extension 'ignore_ament_install'
[0.918s] Level 1:colcon.colcon_core.package_identification:_identify(new_manipulator_hardware) by extensions ['colcon_pkg']
[0.918s] Level 1:colcon.colcon_core.package_identification:_identify(new_manipulator_hardware) by extension 'colcon_pkg'
[0.918s] Level 1:colcon.colcon_core.package_identification:_identify(new_manipulator_hardware) by extensions ['colcon_meta']
[0.918s] Level 1:colcon.colcon_core.package_identification:_identify(new_manipulator_hardware) by extension 'colcon_meta'
[0.918s] Level 1:colcon.colcon_core.package_identification:_identify(new_manipulator_hardware) by extensions ['ros']
[0.918s] Level 1:colcon.colcon_core.package_identification:_identify(new_manipulator_hardware) by extension 'ros'
[0.920s] DEBUG:colcon.colcon_core.package_identification:Package 'new_manipulator_hardware' with type 'ros.ament_cmake' and name 'new_manipulator_hardware'
[0.920s] Level 1:colcon.colcon_core.package_identification:_identify(new_manipulator_moveit_config) by extensions ['ignore', 'ignore_ament_install']
[0.920s] Level 1:colcon.colcon_core.package_identification:_identify(new_manipulator_moveit_config) by extension 'ignore'
[0.920s] Level 1:colcon.colcon_core.package_identification:_identify(new_manipulator_moveit_config) by extension 'ignore_ament_install'
[0.920s] Level 1:colcon.colcon_core.package_identification:_identify(new_manipulator_moveit_config) by extensions ['colcon_pkg']
[0.920s] Level 1:colcon.colcon_core.package_identification:_identify(new_manipulator_moveit_config) by extension 'colcon_pkg'
[0.920s] Level 1:colcon.colcon_core.package_identification:_identify(new_manipulator_moveit_config) by extensions ['colcon_meta']
[0.920s] Level 1:colcon.colcon_core.package_identification:_identify(new_manipulator_moveit_config) by extension 'colcon_meta'
[0.921s] Level 1:colcon.colcon_core.package_identification:_identify(new_manipulator_moveit_config) by extensions ['ros']
[0.921s] Level 1:colcon.colcon_core.package_identification:_identify(new_manipulator_moveit_config) by extension 'ros'
[0.923s] DEBUG:colcon.colcon_core.package_identification:Package 'new_manipulator_moveit_config' with type 'ros.ament_cmake' and name 'new_manipulator_moveit_config'
[0.923s] Level 1:colcon.colcon_core.package_identification:_identify(new_manipulator_servo) by extensions ['ignore', 'ignore_ament_install']
[0.924s] Level 1:colcon.colcon_core.package_identification:_identify(new_manipulator_servo) by extension 'ignore'
[0.924s] Level 1:colcon.colcon_core.package_identification:_identify(new_manipulator_servo) by extension 'ignore_ament_install'
[0.924s] Level 1:colcon.colcon_core.package_identification:_identify(new_manipulator_servo) by extensions ['colcon_pkg']
[0.924s] Level 1:colcon.colcon_core.package_identification:_identify(new_manipulator_servo) by extension 'colcon_pkg'
[0.924s] Level 1:colcon.colcon_core.package_identification:_identify(new_manipulator_servo) by extensions ['colcon_meta']
[0.924s] Level 1:colcon.colcon_core.package_identification:_identify(new_manipulator_servo) by extension 'colcon_meta'
[0.924s] Level 1:colcon.colcon_core.package_identification:_identify(new_manipulator_servo) by extensions ['ros']
[0.924s] Level 1:colcon.colcon_core.package_identification:_identify(new_manipulator_servo) by extension 'ros'
[0.928s] DEBUG:colcon.colcon_core.package_identification:Package 'new_manipulator_servo' with type 'ros.ament_cmake' and name 'new_manipulator_servo'
[0.928s] Level 1:colcon.colcon_core.package_discovery:discover_packages(recursive) using defaults
[0.928s] Level 1:colcon.colcon_core.package_discovery:discover_packages(ignore) discover
[0.928s] Level 1:colcon.colcon_core.package_discovery:discover_packages(ignore) using defaults
[0.928s] Level 1:colcon.colcon_core.package_discovery:discover_packages(path) discover
[0.928s] Level 1:colcon.colcon_core.package_discovery:discover_packages(path) using defaults
[0.980s] Level 1:colcon.colcon_core.package_discovery:discover_packages(prefix_path) check parameters
[0.980s] Level 1:colcon.colcon_core.package_discovery:discover_packages(prefix_path) discover
[0.985s] DEBUG:colcon.colcon_installed_package_information.package_discovery:Found 6 installed packages in /home/devika/new_manipulator/install
[0.986s] DEBUG:colcon.colcon_installed_package_information.package_discovery:Found 3 installed packages in /home/devika/microros_ws/install
[0.990s] DEBUG:colcon.colcon_installed_package_information.package_discovery:Found 421 installed packages in /opt/ros/humble
[0.993s] Level 1:colcon.colcon_core.package_discovery:discover_packages(prefix_path) using defaults
[1.218s] Level 5:colcon.colcon_core.verb:set package 'gazebo_ros2_control' build argument 'cmake_args' from command line to '['-DCMAKE_POLICY_VERSION_MINIMUM=3.5']'
[1.218s] Level 5:colcon.colcon_core.verb:set package 'gazebo_ros2_control' build argument 'cmake_target' from command line to 'None'
[1.218s] Level 5:colcon.colcon_core.verb:set package 'gazebo_ros2_control' build argument 'cmake_target_skip_unavailable' from command line to 'False'
[1.218s] Level 5:colcon.colcon_core.verb:set package 'gazebo_ros2_control' build argument 'cmake_clean_cache' from command line to 'False'
[1.218s] Level 5:colcon.colcon_core.verb:set package 'gazebo_ros2_control' build argument 'cmake_clean_first' from command line to 'False'
[1.218s] Level 5:colcon.colcon_core.verb:set package 'gazebo_ros2_control' build argument 'cmake_force_configure' from command line to 'False'
[1.218s] Level 5:colcon.colcon_core.verb:set package 'gazebo_ros2_control' build argument 'ament_cmake_args' from command line to 'None'
[1.218s] Level 5:colcon.colcon_core.verb:set package 'gazebo_ros2_control' build argument 'catkin_cmake_args' from command line to 'None'
[1.218s] Level 5:colcon.colcon_core.verb:set package 'gazebo_ros2_control' build argument 'catkin_skip_building_tests' from command line to 'False'
[1.218s] DEBUG:colcon.colcon_core.verb:Building package 'gazebo_ros2_control' with the following arguments: {'ament_cmake_args': None, 'build_base': '/home/devika/new_manipulator/src/build/gazebo_ros2_control', 'catkin_cmake_args': None, 'catkin_skip_building_tests': False, 'cmake_args': ['-DCMAKE_POLICY_VERSION_MINIMUM=3.5'], 'cmake_clean_cache': False, 'cmake_clean_first': False, 'cmake_force_configure': False, 'cmake_target': None, 'cmake_target_skip_unavailable': False, 'install_base': '/home/devika/new_manipulator/src/install/gazebo_ros2_control', 'merge_install': False, 'path': '/home/devika/new_manipulator/src/gazebo_ros2_control', 'symlink_install': False, 'test_result_base': None}
[1.219s] Level 5:colcon.colcon_core.verb:set package 'joystick_cartesian_control' build argument 'cmake_args' from command line to '['-DCMAKE_POLICY_VERSION_MINIMUM=3.5']'
[1.219s] Level 5:colcon.colcon_core.verb:set package 'joystick_cartesian_control' build argument 'cmake_target' from command line to 'None'
[1.219s] Level 5:colcon.colcon_core.verb:set package 'joystick_cartesian_control' build argument 'cmake_target_skip_unavailable' from command line to 'False'
[1.219s] Level 5:colcon.colcon_core.verb:set package 'joystick_cartesian_control' build argument 'cmake_clean_cache' from command line to 'False'
[1.219s] Level 5:colcon.colcon_core.verb:set package 'joystick_cartesian_control' build argument 'cmake_clean_first' from command line to 'False'
[1.219s] Level 5:colcon.colcon_core.verb:set package 'joystick_cartesian_control' build argument 'cmake_force_configure' from command line to 'False'
[1.219s] Level 5:colcon.colcon_core.verb:set package 'joystick_cartesian_control' build argument 'ament_cmake_args' from command line to 'None'
[1.219s] Level 5:colcon.colcon_core.verb:set package 'joystick_cartesian_control' build argument 'catkin_cmake_args' from command line to 'None'
[1.219s] Level 5:colcon.colcon_core.verb:set package 'joystick_cartesian_control' build argument 'catkin_skip_building_tests' from command line to 'False'
[1.219s] DEBUG:colcon.colcon_core.verb:Building package 'joystick_cartesian_control' with the following arguments: {'ament_cmake_args': None, 'build_base': '/home/devika/new_manipulator/src/build/joystick_cartesian_control', 'catkin_cmake_args': None, 'catkin_skip_building_tests': False, 'cmake_args': ['-DCMAKE_POLICY_VERSION_MINIMUM=3.5'], 'cmake_clean_cache': False, 'cmake_clean_first': False, 'cmake_force_configure': False, 'cmake_target': None, 'cmake_target_skip_unavailable': False, 'install_base': '/home/devika/new_manipulator/src/install/joystick_cartesian_control', 'merge_install': False, 'path': '/home/devika/new_manipulator/src/joystick_cartesian_control', 'symlink_install': False, 'test_result_base': None}
[1.219s] Level 5:colcon.colcon_core.verb:set package 'new_manipulator_hardware' build argument 'cmake_args' from command line to '['-DCMAKE_POLICY_VERSION_MINIMUM=3.5']'
[1.219s] Level 5:colcon.colcon_core.verb:set package 'new_manipulator_hardware' build argument 'cmake_target' from command line to 'None'
[1.219s] Level 5:colcon.colcon_core.verb:set package 'new_manipulator_hardware' build argument 'cmake_target_skip_unavailable' from command line to 'False'
[1.219s] Level 5:colcon.colcon_core.verb:set package 'new_manipulator_hardware' build argument 'cmake_clean_cache' from command line to 'False'
[1.219s] Level 5:colcon.colcon_core.verb:set package 'new_manipulator_hardware' build argument 'cmake_clean_first' from command line to 'False'
[1.219s] Level 5:colcon.colcon_core.verb:set package 'new_manipulator_hardware' build argument 'cmake_force_configure' from command line to 'False'
[1.219s] Level 5:colcon.colcon_core.verb:set package 'new_manipulator_hardware' build argument 'ament_cmake_args' from command line to 'None'
[1.219s] Level 5:colcon.colcon_core.verb:set package 'new_manipulator_hardware' build argument 'catkin_cmake_args' from command line to 'None'
[1.219s] Level 5:colcon.colcon_core.verb:set package 'new_manipulator_hardware' build argument 'catkin_skip_building_tests' from command line to 'False'
[1.220s] DEBUG:colcon.colcon_core.verb:Building package 'new_manipulator_hardware' with the following arguments: {'ament_cmake_args': None, 'build_base': '/home/devika/new_manipulator/src/build/new_manipulator_hardware', 'catkin_cmake_args': None, 'catkin_skip_building_tests': False, 'cmake_args': ['-DCMAKE_POLICY_VERSION_MINIMUM=3.5'], 'cmake_clean_cache': False, 'cmake_clean_first': False, 'cmake_force_configure': False, 'cmake_target': None, 'cmake_target_skip_unavailable': False, 'install_base': '/home/devika/new_manipulator/src/install/new_manipulator_hardware', 'merge_install': False, 'path': '/home/devika/new_manipulator/src/new_manipulator_hardware', 'symlink_install': False, 'test_result_base': None}
[1.220s] Level 5:colcon.colcon_core.verb:set package 'new_manipulator_servo' build argument 'cmake_args' from command line to '['-DCMAKE_POLICY_VERSION_MINIMUM=3.5']'
[1.220s] Level 5:colcon.colcon_core.verb:set package 'new_manipulator_servo' build argument 'cmake_target' from command line to 'None'
[1.220s] Level 5:colcon.colcon_core.verb:set package 'new_manipulator_servo' build argument 'cmake_target_skip_unavailable' from command line to 'False'
[1.220s] Level 5:colcon.colcon_core.verb:set package 'new_manipulator_servo' build argument 'cmake_clean_cache' from command line to 'False'
[1.220s] Level 5:colcon.colcon_core.verb:set package 'new_manipulator_servo' build argument 'cmake_clean_first' from command line to 'False'
[1.220s] Level 5:colcon.colcon_core.verb:set package 'new_manipulator_servo' build argument 'cmake_force_configure' from command line to 'False'
[1.220s] Level 5:colcon.colcon_core.verb:set package 'new_manipulator_servo' build argument 'ament_cmake_args' from command line to 'None'
[1.220s] Level 5:colcon.colcon_core.verb:set package 'new_manipulator_servo' build argument 'catkin_cmake_args' from command line to 'None'
[1.220s] Level 5:colcon.colcon_core.verb:set package 'new_manipulator_servo' build argument 'catkin_skip_building_tests' from command line to 'False'
[1.220s] DEBUG:colcon.colcon_core.verb:Building package 'new_manipulator_servo' with the following arguments: {'ament_cmake_args': None, 'build_base': '/home/devika/new_manipulator/src/build/new_manipulator_servo', 'catkin_cmake_args': None, 'catkin_skip_building_tests': False, 'cmake_args': ['-DCMAKE_POLICY_VERSION_MINIMUM=3.5'], 'cmake_clean_cache': False, 'cmake_clean_first': False, 'cmake_force_configure': False, 'cmake_target': None, 'cmake_target_skip_unavailable': False, 'install_base': '/home/devika/new_manipulator/src/install/new_manipulator_servo', 'merge_install': False, 'path': '/home/devika/new_manipulator/src/new_manipulator_servo', 'symlink_install': False, 'test_result_base': None}
[1.221s] Level 5:colcon.colcon_core.verb:set package 'new_manipulator' build argument 'cmake_args' from command line to '['-DCMAKE_POLICY_VERSION_MINIMUM=3.5']'
[1.221s] Level 5:colcon.colcon_core.verb:set package 'new_manipulator' build argument 'cmake_target' from command line to 'None'
[1.221s] Level 5:colcon.colcon_core.verb:set package 'new_manipulator' build argument 'cmake_target_skip_unavailable' from command line to 'False'
[1.221s] Level 5:colcon.colcon_core.verb:set package 'new_manipulator' build argument 'cmake_clean_cache' from command line to 'False'
[1.221s] Level 5:colcon.colcon_core.verb:set package 'new_manipulator' build argument 'cmake_clean_first' from command line to 'False'
[1.221s] Level 5:colcon.colcon_core.verb:set package 'new_manipulator' build argument 'cmake_force_configure' from command line to 'False'
[1.221s] Level 5:colcon.colcon_core.verb:set package 'new_manipulator' build argument 'ament_cmake_args' from command line to 'None'
[1.221s] Level 5:colcon.colcon_core.verb:set package 'new_manipulator' build argument 'catkin_cmake_args' from command line to 'None'
[1.221s] Level 5:colcon.colcon_core.verb:set package 'new_manipulator' build argument 'catkin_skip_building_tests' from command line to 'False'
[1.221s] DEBUG:colcon.colcon_core.verb:Building package 'new_manipulator' with the following arguments: {'ament_cmake_args': None, 'build_base': '/home/devika/new_manipulator/src/build/new_manipulator', 'catkin_cmake_args': None, 'catkin_skip_building_tests': False, 'cmake_args': ['-DCMAKE_POLICY_VERSION_MINIMUM=3.5'], 'cmake_clean_cache': False, 'cmake_clean_first': False, 'cmake_force_configure': False, 'cmake_target': None, 'cmake_target_skip_unavailable': False, 'install_base': '/home/devika/new_manipulator/src/install/new_manipulator', 'merge_install': False, 'path': '/home/devika/new_manipulator/src/new_manipulator', 'symlink_install': False, 'test_result_base': None}
[1.221s] Level 5:colcon.colcon_core.verb:set package 'new_manipulator_moveit_config' build argument 'cmake_args' from command line to '['-DCMAKE_POLICY_VERSION_MINIMUM=3.5']'
[1.221s] Level 5:colcon.colcon_core.verb:set package 'new_manipulator_moveit_config' build argument 'cmake_target' from command line to 'None'
[1.221s] Level 5:colcon.colcon_core.verb:set package 'new_manipulator_moveit_config' build argument 'cmake_target_skip_unavailable' from command line to 'False'
[1.221s] Level 5:colcon.colcon_core.verb:set package 'new_manipulator_moveit_config' build argument 'cmake_clean_cache' from command line to 'False'
[1.221s] Level 5:colcon.colcon_core.verb:set package 'new_manipulator_moveit_config' build argument 'cmake_clean_first' from command line to 'False'
[1.221s] Level 5:colcon.colcon_core.verb:set package 'new_manipulator_moveit_config' build argument 'cmake_force_configure' from command line to 'False'
[1.221s] Level 5:colcon.colcon_core.verb:set package 'new_manipulator_moveit_config' build argument 'ament_cmake_args' from command line to 'None'
[1.221s] Level 5:colcon.colcon_core.verb:set package 'new_manipulator_moveit_config' build argument 'catkin_cmake_args' from command line to 'None'
[1.222s] Level 5:colcon.colcon_core.verb:set package 'new_manipulator_moveit_config' build argument 'catkin_skip_building_tests' from command line to 'False'
[1.222s] DEBUG:colcon.colcon_core.verb:Building package 'new_manipulator_moveit_config' with the following arguments: {'ament_cmake_args': None, 'build_base': '/home/devika/new_manipulator/src/build/new_manipulator_moveit_config', 'catkin_cmake_args': None, 'catkin_skip_building_tests': False, 'cmake_args': ['-DCMAKE_POLICY_VERSION_MINIMUM=3.5'], 'cmake_clean_cache': False, 'cmake_clean_first': False, 'cmake_force_configure': False, 'cmake_target': None, 'cmake_target_skip_unavailable': False, 'install_base': '/home/devika/new_manipulator/src/install/new_manipulator_moveit_config', 'merge_install': False, 'path': '/home/devika/new_manipulator/src/new_manipulator_moveit_config', 'symlink_install': False, 'test_result_base': None}
[1.222s] INFO:colcon.colcon_core.executor:Executing jobs using 'parallel' executor
[1.223s] DEBUG:colcon.colcon_parallel_executor.executor.parallel:run_until_complete
[1.223s] INFO:colcon.colcon_ros.task.ament_cmake.build:Building ROS package in '/home/devika/new_manipulator/src/gazebo_ros2_control' with build type 'ament_cmake'
[1.223s] INFO:colcon.colcon_cmake.task.cmake.build:Building CMake package in '/home/devika/new_manipulator/src/gazebo_ros2_control'
[1.232s] INFO:colcon.colcon_core.plugin_system:Skipping extension 'colcon_core.shell.bat': Not used on non-Windows systems
[1.232s] INFO:colcon.colcon_core.shell:Skip shell extension 'powershell' for command environment: Not usable outside of PowerShell
[1.233s] DEBUG:colcon.colcon_core.shell:Skip shell extension 'dsv' for command environment
[1.240s] INFO:colcon.colcon_ros.task.ament_cmake.build:Building ROS package in '/home/devika/new_manipulator/src/joystick_cartesian_control' with build type 'ament_cmake'
[1.240s] INFO:colcon.colcon_cmake.task.cmake.build:Building CMake package in '/home/devika/new_manipulator/src/joystick_cartesian_control'
[1.241s] INFO:colcon.colcon_core.shell:Skip shell extension 'powershell' for command environment: Not usable outside of PowerShell
[1.241s] DEBUG:colcon.colcon_core.shell:Skip shell extension 'dsv' for command environment
[1.247s] INFO:colcon.colcon_ros.task.ament_cmake.build:Building ROS package in '/home/devika/new_manipulator/src/new_manipulator_hardware' with build type 'ament_cmake'
[1.247s] INFO:colcon.colcon_cmake.task.cmake.build:Building CMake package in '/home/devika/new_manipulator/src/new_manipulator_hardware'
[1.248s] INFO:colcon.colcon_core.shell:Skip shell extension 'powershell' for command environment: Not usable outside of PowerShell
[1.248s] DEBUG:colcon.colcon_core.shell:Skip shell extension 'dsv' for command environment
[1.256s] INFO:colcon.colcon_ros.task.ament_cmake.build:Building ROS package in '/home/devika/new_manipulator/src/new_manipulator_servo' with build type 'ament_cmake'
[1.256s] INFO:colcon.colcon_cmake.task.cmake.build:Building CMake package in '/home/devika/new_manipulator/src/new_manipulator_servo'
[1.257s] INFO:colcon.colcon_core.shell:Skip shell extension 'powershell' for command environment: Not usable outside of PowerShell
[1.257s] DEBUG:colcon.colcon_core.shell:Skip shell extension 'dsv' for command environment
[1.271s] DEBUG:colcon.colcon_core.event_handler.log_command:Invoking command in '/home/devika/new_manipulator/src/build/gazebo_ros2_control': CMAKE_PREFIX_PATH=${CMAKE_PREFIX_PATH}:/opt/ros/humble /home/devika/.local/bin/cmake /home/devika/new_manipulator/src/gazebo_ros2_control -DCMAKE_POLICY_VERSION_MINIMUM=3.5 -DCMAKE_INSTALL_PREFIX=/home/devika/new_manipulator/src/install/gazebo_ros2_control
[1.281s] DEBUG:colcon.colcon_core.event_handler.log_command:Invoking command in '/home/devika/new_manipulator/src/build/joystick_cartesian_control': CMAKE_PREFIX_PATH=${CMAKE_PREFIX_PATH}:/opt/ros/humble /home/devika/.local/bin/cmake /home/devika/new_manipulator/src/joystick_cartesian_control -DCMAKE_POLICY_VERSION_MINIMUM=3.5 -DCMAKE_INSTALL_PREFIX=/home/devika/new_manipulator/src/install/joystick_cartesian_control
[1.288s] DEBUG:colcon.colcon_core.event_handler.log_command:Invoking command in '/home/devika/new_manipulator/src/build/new_manipulator_hardware': CMAKE_PREFIX_PATH=${CMAKE_PREFIX_PATH}:/opt/ros/humble /home/devika/.local/bin/cmake /home/devika/new_manipulator/src/new_manipulator_hardware -DCMAKE_POLICY_VERSION_MINIMUM=3.5 -DCMAKE_INSTALL_PREFIX=/home/devika/new_manipulator/src/install/new_manipulator_hardware
[1.298s] DEBUG:colcon.colcon_core.event_handler.log_command:Invoking command in '/home/devika/new_manipulator/src/build/new_manipulator_servo': CMAKE_PREFIX_PATH=${CMAKE_PREFIX_PATH}:/opt/ros/humble /home/devika/.local/bin/cmake /home/devika/new_manipulator/src/new_manipulator_servo -DCMAKE_POLICY_VERSION_MINIMUM=3.5 -DCMAKE_INSTALL_PREFIX=/home/devika/new_manipulator/src/install/new_manipulator_servo
[3.071s] DEBUG:colcon.colcon_core.event_handler.log_command:Invoked command in '/home/devika/new_manipulator/src/build/new_manipulator_hardware' returned '0': CMAKE_PREFIX_PATH=${CMAKE_PREFIX_PATH}:/opt/ros/humble /home/devika/.local/bin/cmake /home/devika/new_manipulator/src/new_manipulator_hardware -DCMAKE_POLICY_VERSION_MINIMUM=3.5 -DCMAKE_INSTALL_PREFIX=/home/devika/new_manipulator/src/install/new_manipulator_hardware
[3.073s] DEBUG:colcon.colcon_core.event_handler.log_command:Invoking command in '/home/devika/new_manipulator/src/build/new_manipulator_hardware': CMAKE_PREFIX_PATH=${CMAKE_PREFIX_PATH}:/opt/ros/humble /home/devika/.local/bin/cmake --build /home/devika/new_manipulator/src/build/new_manipulator_hardware -- -j8 -l8
[3.334s] DEBUG:colcon.colcon_core.event_handler.log_command:Invoked command in '/home/devika/new_manipulator/src/build/new_manipulator_hardware' returned '0': CMAKE_PREFIX_PATH=${CMAKE_PREFIX_PATH}:/opt/ros/humble /home/devika/.local/bin/cmake --build /home/devika/new_manipulator/src/build/new_manipulator_hardware -- -j8 -l8
[3.459s] DEBUG:colcon.colcon_core.event_handler.log_command:Invoking command in '/home/devika/new_manipulator/src/build/new_manipulator_hardware': CMAKE_PREFIX_PATH=${CMAKE_PREFIX_PATH}:/opt/ros/humble /home/devika/.local/bin/cmake --install /home/devika/new_manipulator/src/build/new_manipulator_hardware
[3.623s] Level 1:colcon.colcon_core.environment:create_environment_scripts_only(new_manipulator_hardware)
[3.623s] DEBUG:colcon.colcon_core.event_handler.log_command:Invoked command in '/home/devika/new_manipulator/src/build/new_manipulator_hardware' returned '0': CMAKE_PREFIX_PATH=${CMAKE_PREFIX_PATH}:/opt/ros/humble /home/devika/.local/bin/cmake --install /home/devika/new_manipulator/src/build/new_manipulator_hardware
[3.633s] Level 1:colcon.colcon_core.environment:checking '/home/devika/new_manipulator/src/install/new_manipulator_hardware' for CMake module files
[3.634s] Level 1:colcon.colcon_core.environment:checking '/home/devika/new_manipulator/src/install/new_manipulator_hardware' for CMake config files
[3.635s] Level 1:colcon.colcon_core.shell:create_environment_hook('new_manipulator_hardware', 'cmake_prefix_path')
[3.635s] INFO:colcon.colcon_core.shell:Creating environment hook '/home/devika/new_manipulator/src/install/new_manipulator_hardware/share/new_manipulator_hardware/hook/cmake_prefix_path.ps1'
[3.636s] INFO:colcon.colcon_core.shell:Creating environment descriptor '/home/devika/new_manipulator/src/install/new_manipulator_hardware/share/new_manipulator_hardware/hook/cmake_prefix_path.dsv'
[3.637s] INFO:colcon.colcon_core.shell:Creating environment hook '/home/devika/new_manipulator/src/install/new_manipulator_hardware/share/new_manipulator_hardware/hook/cmake_prefix_path.sh'
[3.639s] Level 1:colcon.colcon_core.environment:checking '/home/devika/new_manipulator/src/install/new_manipulator_hardware/lib'
[3.639s] Level 1:colcon.colcon_core.shell:create_environment_hook('new_manipulator_hardware', 'ld_library_path_lib')
[3.640s] INFO:colcon.colcon_core.shell:Creating environment hook '/home/devika/new_manipulator/src/install/new_manipulator_hardware/share/new_manipulator_hardware/hook/ld_library_path_lib.ps1'
[3.640s] INFO:colcon.colcon_core.shell:Creating environment descriptor '/home/devika/new_manipulator/src/install/new_manipulator_hardware/share/new_manipulator_hardware/hook/ld_library_path_lib.dsv'
[3.641s] INFO:colcon.colcon_core.shell:Creating environment hook '/home/devika/new_manipulator/src/install/new_manipulator_hardware/share/new_manipulator_hardware/hook/ld_library_path_lib.sh'
[3.641s] Level 1:colcon.colcon_core.environment:checking '/home/devika/new_manipulator/src/install/new_manipulator_hardware/bin'
[3.642s] Level 1:colcon.colcon_core.environment:checking '/home/devika/new_manipulator/src/install/new_manipulator_hardware/lib/pkgconfig/new_manipulator_hardware.pc'
[3.642s] Level 1:colcon.colcon_core.environment:checking '/home/devika/new_manipulator/src/install/new_manipulator_hardware/lib/python3.10/site-packages'
[3.642s] Level 1:colcon.colcon_core.environment:checking '/home/devika/new_manipulator/src/install/new_manipulator_hardware/bin'
[3.643s] INFO:colcon.colcon_core.shell:Creating package script '/home/devika/new_manipulator/src/install/new_manipulator_hardware/share/new_manipulator_hardware/package.ps1'
[3.645s] INFO:colcon.colcon_core.shell:Creating package descriptor '/home/devika/new_manipulator/src/install/new_manipulator_hardware/share/new_manipulator_hardware/package.dsv'
[3.646s] INFO:colcon.colcon_core.shell:Creating package script '/home/devika/new_manipulator/src/install/new_manipulator_hardware/share/new_manipulator_hardware/package.sh'
[3.648s] INFO:colcon.colcon_core.shell:Creating package script '/home/devika/new_manipulator/src/install/new_manipulator_hardware/share/new_manipulator_hardware/package.bash'
[3.650s] INFO:colcon.colcon_core.shell:Creating package script '/home/devika/new_manipulator/src/install/new_manipulator_hardware/share/new_manipulator_hardware/package.zsh'
[3.651s] Level 1:colcon.colcon_core.environment:create_file_with_runtime_dependencies(/home/devika/new_manipulator/src/install/new_manipulator_hardware/share/colcon-core/packages/new_manipulator_hardware)
[3.652s] Level 1:colcon.colcon_core.environment:create_environment_scripts_only(new_manipulator_hardware)
[3.653s] Level 1:colcon.colcon_core.environment:checking '/home/devika/new_manipulator/src/install/new_manipulator_hardware' for CMake module files
[3.658s] Level 1:colcon.colcon_core.environment:checking '/home/devika/new_manipulator/src/install/new_manipulator_hardware' for CMake config files
[3.659s] Level 1:colcon.colcon_core.shell:create_environment_hook('new_manipulator_hardware', 'cmake_prefix_path')
[3.659s] INFO:colcon.colcon_core.shell:Creating environment hook '/home/devika/new_manipulator/src/install/new_manipulator_hardware/share/new_manipulator_hardware/hook/cmake_prefix_path.ps1'
[3.661s] INFO:colcon.colcon_core.shell:Creating environment descriptor '/home/devika/new_manipulator/src/install/new_manipulator_hardware/share/new_manipulator_hardware/hook/cmake_prefix_path.dsv'
[3.662s] INFO:colcon.colcon_core.shell:Creating environment hook '/home/devika/new_manipulator/src/install/new_manipulator_hardware/share/new_manipulator_hardware/hook/cmake_prefix_path.sh'
[3.664s] Level 1:colcon.colcon_core.environment:checking '/home/devika/new_manipulator/src/install/new_manipulator_hardware/lib'
[3.665s] Level 1:colcon.colcon_core.shell:create_environment_hook('new_manipulator_hardware', 'ld_library_path_lib')
[3.665s] INFO:colcon.colcon_core.shell:Creating environment hook '/home/devika/new_manipulator/src/install/new_manipulator_hardware/share/new_manipulator_hardware/hook/ld_library_path_lib.ps1'
[3.667s] INFO:colcon.colcon_core.shell:Creating environment descriptor '/home/devika/new_manipulator/src/install/new_manipulator_hardware/share/new_manipulator_hardware/hook/ld_library_path_lib.dsv'
[3.668s] INFO:colcon.colcon_core.shell:Creating environment hook '/home/devika/new_manipulator/src/install/new_manipulator_hardware/share/new_manipulator_hardware/hook/ld_library_path_lib.sh'
[3.669s] Level 1:colcon.colcon_core.environment:checking '/home/devika/new_manipulator/src/install/new_manipulator_hardware/bin'
[3.669s] Level 1:colcon.colcon_core.environment:checking '/home/devika/new_manipulator/src/install/new_manipulator_hardware/lib/pkgconfig/new_manipulator_hardware.pc'
[3.670s] Level 1:colcon.colcon_core.environment:checking '/home/devika/new_manipulator/src/install/new_manipulator_hardware/lib/python3.10/site-packages'
[3.675s] Level 1:colcon.colcon_core.environment:checking '/home/devika/new_manipulator/src/install/new_manipulator_hardware/bin'
[3.676s] INFO:colcon.colcon_core.shell:Creating package script '/home/devika/new_manipulator/src/install/new_manipulator_hardware/share/new_manipulator_hardware/package.ps1'
[3.678s] INFO:colcon.colcon_core.shell:Creating package descriptor '/home/devika/new_manipulator/src/install/new_manipulator_hardware/share/new_manipulator_hardware/package.dsv'
[3.680s] INFO:colcon.colcon_core.shell:Creating package script '/home/devika/new_manipulator/src/install/new_manipulator_hardware/share/new_manipulator_hardware/package.sh'
[3.681s] INFO:colcon.colcon_core.shell:Creating package script '/home/devika/new_manipulator/src/install/new_manipulator_hardware/share/new_manipulator_hardware/package.bash'
[3.683s] INFO:colcon.colcon_core.shell:Creating package script '/home/devika/new_manipulator/src/install/new_manipulator_hardware/share/new_manipulator_hardware/package.zsh'
[3.684s] Level 1:colcon.colcon_core.environment:create_file_with_runtime_dependencies(/home/devika/new_manipulator/src/install/new_manipulator_hardware/share/colcon-core/packages/new_manipulator_hardware)
[4.012s] DEBUG:colcon.colcon_core.event_handler.log_command:Invoked command in '/home/devika/new_manipulator/src/build/joystick_cartesian_control' returned '0': CMAKE_PREFIX_PATH=${CMAKE_PREFIX_PATH}:/opt/ros/humble /home/devika/.local/bin/cmake /home/devika/new_manipulator/src/joystick_cartesian_control -DCMAKE_POLICY_VERSION_MINIMUM=3.5 -DCMAKE_INSTALL_PREFIX=/home/devika/new_manipulator/src/install/joystick_cartesian_control
[4.014s] DEBUG:colcon.colcon_core.event_handler.log_command:Invoking command in '/home/devika/new_manipulator/src/build/joystick_cartesian_control': CMAKE_PREFIX_PATH=${CMAKE_PREFIX_PATH}:/opt/ros/humble /home/devika/.local/bin/cmake --build /home/devika/new_manipulator/src/build/joystick_cartesian_control -- -j8 -l8
[4.275s] DEBUG:colcon.colcon_core.event_handler.log_command:Invoked command in '/home/devika/new_manipulator/src/build/joystick_cartesian_control' returned '0': CMAKE_PREFIX_PATH=${CMAKE_PREFIX_PATH}:/opt/ros/humble /home/devika/.local/bin/cmake --build /home/devika/new_manipulator/src/build/joystick_cartesian_control -- -j8 -l8
[4.278s] DEBUG:colcon.colcon_core.event_handler.log_command:Invoking command in '/home/devika/new_manipulator/src/build/joystick_cartesian_control': CMAKE_PREFIX_PATH=${CMAKE_PREFIX_PATH}:/opt/ros/humble /home/devika/.local/bin/cmake --install /home/devika/new_manipulator/src/build/joystick_cartesian_control
[4.562s] Level 1:colcon.colcon_core.environment:create_environment_scripts_only(joystick_cartesian_control)
[4.562s] Level 1:colcon.colcon_core.environment:checking '/home/devika/new_manipulator/src/install/joystick_cartesian_control' for CMake module files
[4.564s] DEBUG:colcon.colcon_core.event_handler.log_command:Invoked command in '/home/devika/new_manipulator/src/build/joystick_cartesian_control' returned '0': CMAKE_PREFIX_PATH=${CMAKE_PREFIX_PATH}:/opt/ros/humble /home/devika/.local/bin/cmake --install /home/devika/new_manipulator/src/build/joystick_cartesian_control
[4.565s] Level 1:colcon.colcon_core.environment:checking '/home/devika/new_manipulator/src/install/joystick_cartesian_control' for CMake config files
[4.565s] Level 1:colcon.colcon_core.shell:create_environment_hook('joystick_cartesian_control', 'cmake_prefix_path')
[4.566s] INFO:colcon.colcon_core.shell:Creating environment hook '/home/devika/new_manipulator/src/install/joystick_cartesian_control/share/joystick_cartesian_control/hook/cmake_prefix_path.ps1'
[4.566s] INFO:colcon.colcon_core.shell:Creating environment descriptor '/home/devika/new_manipulator/src/install/joystick_cartesian_control/share/joystick_cartesian_control/hook/cmake_prefix_path.dsv'
[4.567s] INFO:colcon.colcon_core.shell:Creating environment hook '/home/devika/new_manipulator/src/install/joystick_cartesian_control/share/joystick_cartesian_control/hook/cmake_prefix_path.sh'
[4.567s] Level 1:colcon.colcon_core.environment:checking '/home/devika/new_manipulator/src/install/joystick_cartesian_control/lib'
[4.568s] Level 1:colcon.colcon_core.environment:checking '/home/devika/new_manipulator/src/install/joystick_cartesian_control/bin'
[4.568s] Level 1:colcon.colcon_core.environment:checking '/home/devika/new_manipulator/src/install/joystick_cartesian_control/lib/pkgconfig/joystick_cartesian_control.pc'
[4.568s] Level 1:colcon.colcon_core.environment:checking '/home/devika/new_manipulator/src/install/joystick_cartesian_control/lib/python3.10/site-packages'
[4.569s] Level 1:colcon.colcon_core.environment:checking '/home/devika/new_manipulator/src/install/joystick_cartesian_control/bin'
[4.569s] INFO:colcon.colcon_core.shell:Creating package script '/home/devika/new_manipulator/src/install/joystick_cartesian_control/share/joystick_cartesian_control/package.ps1'
[4.570s] INFO:colcon.colcon_core.shell:Creating package descriptor '/home/devika/new_manipulator/src/install/joystick_cartesian_control/share/joystick_cartesian_control/package.dsv'
[4.570s] INFO:colcon.colcon_core.shell:Creating package script '/home/devika/new_manipulator/src/install/joystick_cartesian_control/share/joystick_cartesian_control/package.sh'
[4.571s] INFO:colcon.colcon_core.shell:Creating package script '/home/devika/new_manipulator/src/install/joystick_cartesian_control/share/joystick_cartesian_control/package.bash'
[4.572s] INFO:colcon.colcon_core.shell:Creating package script '/home/devika/new_manipulator/src/install/joystick_cartesian_control/share/joystick_cartesian_control/package.zsh'
[4.572s] Level 1:colcon.colcon_core.environment:create_file_with_runtime_dependencies(/home/devika/new_manipulator/src/install/joystick_cartesian_control/share/colcon-core/packages/joystick_cartesian_control)
[4.573s] Level 1:colcon.colcon_core.environment:create_environment_scripts_only(joystick_cartesian_control)
[4.573s] Level 1:colcon.colcon_core.environment:checking '/home/devika/new_manipulator/src/install/joystick_cartesian_control' for CMake module files
[4.574s] Level 1:colcon.colcon_core.environment:checking '/home/devika/new_manipulator/src/install/joystick_cartesian_control' for CMake config files
[4.575s] Level 1:colcon.colcon_core.shell:create_environment_hook('joystick_cartesian_control', 'cmake_prefix_path')
[4.575s] INFO:colcon.colcon_core.shell:Creating environment hook '/home/devika/new_manipulator/src/install/joystick_cartesian_control/share/joystick_cartesian_control/hook/cmake_prefix_path.ps1'
[4.576s] INFO:colcon.colcon_core.shell:Creating environment descriptor '/home/devika/new_manipulator/src/install/joystick_cartesian_control/share/joystick_cartesian_control/hook/cmake_prefix_path.dsv'
[4.576s] INFO:colcon.colcon_core.shell:Creating environment hook '/home/devika/new_manipulator/src/install/joystick_cartesian_control/share/joystick_cartesian_control/hook/cmake_prefix_path.sh'
[4.577s] Level 1:colcon.colcon_core.environment:checking '/home/devika/new_manipulator/src/install/joystick_cartesian_control/lib'
[4.577s] Level 1:colcon.colcon_core.environment:checking '/home/devika/new_manipulator/src/install/joystick_cartesian_control/bin'
[4.577s] Level 1:colcon.colcon_core.environment:checking '/home/devika/new_manipulator/src/install/joystick_cartesian_control/lib/pkgconfig/joystick_cartesian_control.pc'
[4.578s] Level 1:colcon.colcon_core.environment:checking '/home/devika/new_manipulator/src/install/joystick_cartesian_control/lib/python3.10/site-packages'
[4.578s] Level 1:colcon.colcon_core.environment:checking '/home/devika/new_manipulator/src/install/joystick_cartesian_control/bin'
[4.579s] INFO:colcon.colcon_core.shell:Creating package script '/home/devika/new_manipulator/src/install/joystick_cartesian_control/share/joystick_cartesian_control/package.ps1'
[4.579s] INFO:colcon.colcon_core.shell:Creating package descriptor '/home/devika/new_manipulator/src/install/joystick_cartesian_control/share/joystick_cartesian_control/package.dsv'
[4.580s] INFO:colcon.colcon_core.shell:Creating package script '/home/devika/new_manipulator/src/install/joystick_cartesian_control/share/joystick_cartesian_control/package.sh'
[4.581s] INFO:colcon.colcon_core.shell:Creating package script '/home/devika/new_manipulator/src/install/joystick_cartesian_control/share/joystick_cartesian_control/package.bash'
[4.581s] INFO:colcon.colcon_core.shell:Creating package script '/home/devika/new_manipulator/src/install/joystick_cartesian_control/share/joystick_cartesian_control/package.zsh'
[4.582s] Level 1:colcon.colcon_core.environment:create_file_with_runtime_dependencies(/home/devika/new_manipulator/src/install/joystick_cartesian_control/share/colcon-core/packages/joystick_cartesian_control)
[4.981s] DEBUG:colcon.colcon_core.event_handler.log_command:Invoked command in '/home/devika/new_manipulator/src/build/new_manipulator_servo' returned '0': CMAKE_PREFIX_PATH=${CMAKE_PREFIX_PATH}:/opt/ros/humble /home/devika/.local/bin/cmake /home/devika/new_manipulator/src/new_manipulator_servo -DCMAKE_POLICY_VERSION_MINIMUM=3.5 -DCMAKE_INSTALL_PREFIX=/home/devika/new_manipulator/src/install/new_manipulator_servo
[4.985s] DEBUG:colcon.colcon_core.event_handler.log_command:Invoking command in '/home/devika/new_manipulator/src/build/new_manipulator_servo': CMAKE_PREFIX_PATH=${CMAKE_PREFIX_PATH}:/opt/ros/humble /home/devika/.local/bin/cmake --build /home/devika/new_manipulator/src/build/new_manipulator_servo -- -j8 -l8
[8.899s] DEBUG:colcon.colcon_core.event_handler.log_command:Invoked command in '/home/devika/new_manipulator/src/build/gazebo_ros2_control' returned '0': CMAKE_PREFIX_PATH=${CMAKE_PREFIX_PATH}:/opt/ros/humble /home/devika/.local/bin/cmake /home/devika/new_manipulator/src/gazebo_ros2_control -DCMAKE_POLICY_VERSION_MINIMUM=3.5 -DCMAKE_INSTALL_PREFIX=/home/devika/new_manipulator/src/install/gazebo_ros2_control
[8.902s] DEBUG:colcon.colcon_core.event_handler.log_command:Invoking command in '/home/devika/new_manipulator/src/build/gazebo_ros2_control': CMAKE_PREFIX_PATH=${CMAKE_PREFIX_PATH}:/opt/ros/humble /home/devika/.local/bin/cmake --build /home/devika/new_manipulator/src/build/gazebo_ros2_control -- -j8 -l8
