[0.039s] Invoking command in '/home/devika/new_manipulator/src/build/gazebo_ros2_control': CMAKE_PREFIX_PATH=${CMAKE_PREFIX_PATH}:/opt/ros/humble /home/devika/.local/bin/cmake /home/devika/new_manipulator/src/gazebo_ros2_control -DCMAKE_INSTALL_PREFIX=/home/devika/new_manipulator/src/install/gazebo_ros2_control
[0.206s] [0mCMake Deprecation Warning at CMakeLists.txt:1 (cmake_minimum_required):
[0.207s]   Compatibility with CMake < 3.10 will be removed from a future version of
[0.207s]   CMake.
[0.207s] 
[0.207s]   Update the VERSION argument <min> value.  Or, use the <min>...<max> syntax
[0.207s]   to tell CMake that the project requires at least <min> but has been updated
[0.207s]   to work with policies introduced by <max> or earlier.
[0.207s] 
[0.208s] [0m
[0.713s] -- The C compiler identification is GNU 11.4.0
[1.197s] -- The CXX compiler identification is GNU 11.4.0
[1.220s] -- Detecting C compiler ABI info
[1.364s] -- Detecting C compiler ABI info - done
[1.395s] -- Check for working C compiler: /usr/bin/cc - skipped
[1.395s] -- Detecting C compile features
[1.396s] -- Detecting C compile features - done
[1.419s] -- Detecting CXX compiler ABI info
[1.545s] -- Detecting CXX compiler ABI info - done
[1.575s] -- Check for working CXX compiler: /usr/bin/c++ - skipped
[1.576s] -- Detecting CXX compile features
[1.577s] -- Detecting CXX compile features - done
[1.613s] -- Found ament_cmake: 1.3.12 (/opt/ros/humble/share/ament_cmake/cmake)
[1.996s] -- Found Python3: /usr/bin/python3 (found version "3.10.12") found components: Interpreter
[2.244s] -- Found angles: 1.15.0 (/opt/ros/humble/share/angles/cmake)
[2.254s] -- Found controller_manager: 2.53.0 (/opt/ros/humble/share/controller_manager/cmake)
[2.420s] -- Found rosidl_generator_c: 3.1.8 (/opt/ros/humble/share/rosidl_generator_c/cmake)
[2.434s] -- Found rosidl_adapter: 3.1.8 (/opt/ros/humble/share/rosidl_adapter/cmake)
[2.458s] -- Found rosidl_generator_cpp: 3.1.8 (/opt/ros/humble/share/rosidl_generator_cpp/cmake)
[2.504s] -- Using all available rosidl_typesupport_c: rosidl_typesupport_fastrtps_c;rosidl_typesupport_introspection_c
[2.573s] -- Using all available rosidl_typesupport_cpp: rosidl_typesupport_fastrtps_cpp;rosidl_typesupport_introspection_cpp
[3.425s] -- Found rmw_implementation_cmake: 6.1.2 (/opt/ros/humble/share/rmw_implementation_cmake/cmake)
[3.436s] -- Found rmw_fastrtps_cpp: 6.2.9 (/opt/ros/humble/share/rmw_fastrtps_cpp/cmake)
[3.516s] -- Found TinyXML2 via Config file: TinyXML2_DIR-NOTFOUND
[3.639s] -- Found OpenSSL: /usr/lib/x86_64-linux-gnu/libcrypto.so (found version "3.0.2")
[3.647s] -- Found TinyXML2 via Config file: TinyXML2_DIR-NOTFOUND
[3.704s] -- Found FastRTPS: /opt/ros/humble/include
[3.712s] -- Found TinyXML2 via Config file: TinyXML2_DIR-NOTFOUND
[3.736s] -- Found TinyXML2 via Config file: TinyXML2_DIR-NOTFOUND
[3.771s] -- Using RMW implementation 'rmw_fastrtps_cpp' as default
[3.793s] -- Performing Test CMAKE_HAVE_LIBC_PTHREAD
[3.904s] -- Performing Test CMAKE_HAVE_LIBC_PTHREAD - Success
[3.906s] -- Found Threads: TRUE
[4.153s] -- Found control_toolbox: 3.6.3 (/opt/ros/humble/share/control_toolbox/cmake)
[4.276s] [33mCMake Warning (dev) at /opt/ros/humble/share/filters/cmake/ament_cmake_export_dependencies-extras.cmake:21 (find_package):
[4.276s]   Policy CMP0167 is not set: The FindBoost module is removed.  Run "cmake
[4.276s]   --help-policy CMP0167" for policy details.  Use the cmake_policy command to
[4.276s]   set the policy and suppress this warning.
[4.276s] 
[4.277s] Call Stack (most recent call first):
[4.277s]   /opt/ros/humble/share/filters/cmake/filtersConfig.cmake:41 (include)
[4.277s]   /opt/ros/humble/share/control_toolbox/cmake/ament_cmake_export_dependencies-extras.cmake:21 (find_package)
[4.277s]   /opt/ros/humble/share/control_toolbox/cmake/control_toolboxConfig.cmake:41 (include)
[4.277s]   CMakeLists.txt:7 (find_package)
[4.277s] This warning is for project developers.  Use -Wno-dev to suppress it.
[4.278s] [0m
[4.339s] -- Found gazebo_dev: 3.9.0 (/opt/ros/humble/share/gazebo_dev/cmake)
[4.364s] -- Found PkgConfig: /usr/bin/pkg-config (found version "0.29.2")
[4.368s] -- Checking for module 'bullet>=2.82'
[4.401s] --   Found bullet, version 3.05
[4.680s] -- Found fcl: /usr/include (found suitable version "0.7.0", minimum required is "0.5.0")
[4.816s] -- Found assimp: /usr/include (found version "5.2.0")
[4.817s] [33mCMake Warning (dev) at /usr/share/dart/cmake/DARTFindBoost.cmake:20 (find_package):
[4.817s]   Policy CMP0167 is not set: The FindBoost module is removed.  Run "cmake
[4.817s]   --help-policy CMP0167" for policy details.  Use the cmake_policy command to
[4.817s]   set the policy and suppress this warning.
[4.817s] 
[4.818s] Call Stack (most recent call first):
[4.818s]   /usr/share/dart/cmake/dart_dartComponent.cmake:6 (include)
[4.818s]   /usr/share/dart/cmake/DARTConfig.cmake:73 (include)
[4.818s]   /usr/share/dart/cmake/DARTConfig.cmake:133 (dart_traverse_components)
[4.818s]   /usr/share/dart/cmake/DARTConfig.cmake:181 (dart_package_init)
[4.818s]   /usr/lib/x86_64-linux-gnu/cmake/gazebo/gazebo-config.cmake:166 (find_package)
[4.819s]   /opt/ros/humble/share/gazebo_dev/cmake/gazebo_dev-extras.cmake:3 (find_package)
[4.819s]   /opt/ros/humble/share/gazebo_dev/cmake/gazebo_devConfig.cmake:41 (include)
[4.819s]   CMakeLists.txt:8 (find_package)
[4.819s] This warning is for project developers.  Use -Wno-dev to suppress it.
[4.819s] [0m
[4.862s] -- Found DART: /usr/include (Required is at least version "6.6") found components: dart
[4.889s] [33mCMake Warning (dev) at /usr/lib/x86_64-linux-gnu/cmake/gazebo/gazebo-config.cmake:197 (find_package):
[4.889s]   Policy CMP0167 is not set: The FindBoost module is removed.  Run "cmake
[4.890s]   --help-policy CMP0167" for policy details.  Use the cmake_policy command to
[4.890s]   set the policy and suppress this warning.
[4.890s] 
[4.890s] Call Stack (most recent call first):
[4.890s]   /opt/ros/humble/share/gazebo_dev/cmake/gazebo_dev-extras.cmake:3 (find_package)
[4.890s]   /opt/ros/humble/share/gazebo_dev/cmake/gazebo_devConfig.cmake:41 (include)
[4.890s]   CMakeLists.txt:8 (find_package)
[4.891s] This warning is for project developers.  Use -Wno-dev to suppress it.
[4.891s] [0m
[4.952s] -- Found Boost: /usr/lib/x86_64-linux-gnu/cmake/Boost-1.74.0/BoostConfig.cmake (found suitable version "1.74.0", minimum required is "1.40.0") found components: thread system filesystem program_options regex iostreams date_time
[5.059s] -- Found Protobuf: /usr/lib/x86_64-linux-gnu/libprotobuf.so (found version "3.12.4")
[5.082s] -- Looking for ignition-math6 -- found version 6.15.1
[5.113s] -- Searching for dependencies of ignition-math6
[5.121s] -- Looking for OGRE...
[5.122s] -- OGRE_PREFIX_WATCH changed.
[5.135s] -- Checking for module 'OGRE'
[5.167s] --   Found OGRE, version 1.9.0
[5.261s] -- Found Ogre Ghadamon (1.9.0)
[5.305s] -- Found OGRE: optimized;/usr/lib/x86_64-linux-gnu/libOgreMain.so;debug;/usr/lib/x86_64-linux-gnu/libOgreMain.so
[5.305s] [33mCMake Warning (dev) at /usr/share/OGRE/cmake/modules/FindOGRE.cmake:309 (find_package):
[5.305s]   Policy CMP0167 is not set: The FindBoost module is removed.  Run "cmake
[5.305s]   --help-policy CMP0167" for policy details.  Use the cmake_policy command to
[5.305s]   set the policy and suppress this warning.
[5.306s] 
[5.306s] Call Stack (most recent call first):
[5.306s]   /usr/lib/x86_64-linux-gnu/cmake/gazebo/gazebo-config.cmake:213 (find_package)
[5.306s]   /opt/ros/humble/share/gazebo_dev/cmake/gazebo_dev-extras.cmake:3 (find_package)
[5.306s]   /opt/ros/humble/share/gazebo_dev/cmake/gazebo_devConfig.cmake:41 (include)
[5.306s]   CMakeLists.txt:8 (find_package)
[5.306s] This warning is for project developers.  Use -Wno-dev to suppress it.
[5.306s] [0m
[5.316s] [33mCMake Warning (dev) at /usr/share/OGRE/cmake/modules/FindOGRE.cmake:318 (find_package):
[5.316s]   Policy CMP0167 is not set: The FindBoost module is removed.  Run "cmake
[5.316s]   --help-policy CMP0167" for policy details.  Use the cmake_policy command to
[5.316s]   set the policy and suppress this warning.
[5.316s] 
[5.316s] Call Stack (most recent call first):
[5.317s]   /usr/lib/x86_64-linux-gnu/cmake/gazebo/gazebo-config.cmake:213 (find_package)
[5.317s]   /opt/ros/humble/share/gazebo_dev/cmake/gazebo_dev-extras.cmake:3 (find_package)
[5.317s]   /opt/ros/humble/share/gazebo_dev/cmake/gazebo_devConfig.cmake:41 (include)
[5.317s]   CMakeLists.txt:8 (find_package)
[5.317s] This warning is for project developers.  Use -Wno-dev to suppress it.
[5.318s] [0m
[5.326s] -- Looking for OGRE_Paging...
[5.360s] -- Found OGRE_Paging: optimized;/usr/lib/x86_64-linux-gnu/libOgrePaging.so;debug;/usr/lib/x86_64-linux-gnu/libOgrePaging.so
[5.360s] -- Looking for OGRE_Terrain...
[5.389s] -- Found OGRE_Terrain: optimized;/usr/lib/x86_64-linux-gnu/libOgreTerrain.so;debug;/usr/lib/x86_64-linux-gnu/libOgreTerrain.so
[5.389s] -- Looking for OGRE_Property...
[5.417s] -- Found OGRE_Property: optimized;/usr/lib/x86_64-linux-gnu/libOgreProperty.so;debug;/usr/lib/x86_64-linux-gnu/libOgreProperty.so
[5.417s] -- Looking for OGRE_RTShaderSystem...
[5.445s] -- Found OGRE_RTShaderSystem: optimized;/usr/lib/x86_64-linux-gnu/libOgreRTShaderSystem.so;debug;/usr/lib/x86_64-linux-gnu/libOgreRTShaderSystem.so
[5.446s] -- Looking for OGRE_Volume...
[5.475s] -- Found OGRE_Volume: optimized;/usr/lib/x86_64-linux-gnu/libOgreVolume.so;debug;/usr/lib/x86_64-linux-gnu/libOgreVolume.so
[5.476s] -- Looking for OGRE_Overlay...
[5.504s] -- Found OGRE_Overlay: optimized;/usr/lib/x86_64-linux-gnu/libOgreOverlay.so;debug;/usr/lib/x86_64-linux-gnu/libOgreOverlay.so
[6.064s] -- Looking for ignition-math6 -- found version 6.15.1
[6.074s] -- Looking for ignition-transport8 -- found version 8.2.1
[6.075s] -- Searching for dependencies of ignition-transport8
[6.117s] -- Found Protobuf: /usr/lib/x86_64-linux-gnu/libprotobuf.so (found suitable version "3.12.4", minimum required is "3")
[6.144s] -- Config-file not installed for ZeroMQ -- checking for pkg-config
[6.154s] -- Checking for module 'libzmq >= 4'
[6.196s] --   Found libzmq, version 4.3.4
[6.291s] -- Found ZeroMQ: TRUE (Required is at least version "4")
[6.308s] -- Checking for module 'uuid'
[6.351s] --   Found uuid, version 2.37.2
[6.437s] -- Found UUID: TRUE
[6.450s] -- Looking for ignition-msgs5 -- found version 5.8.1
[6.450s] -- Searching for dependencies of ignition-msgs5
[6.501s] -- Looking for ignition-math6 -- found version 6.15.1
[6.514s] -- Checking for module 'tinyxml2'
[6.547s] --   Found tinyxml2, version 9.0.0
[6.641s] -- Looking for ignition-msgs5 -- found version 5.8.1
[6.659s] -- Looking for ignition-common3 -- found version 3.14.0
[6.659s] -- Searching for dependencies of ignition-common3
[6.663s] -- Looking for dlfcn.h - found
[6.668s] -- Looking for libdl - found
[6.672s] -- Found DL: TRUE
[6.716s] -- Found tinyobjloader: /usr/lib/x86_64-linux-gnu/cmake/tinyobjloader/tinyobjloader-config.cmake (found version "2.0.0")
[6.720s] -- Searching for <ignition-common3> component [graphics]
[6.733s] -- Looking for ignition-common3-graphics -- found version 3.14.0
[6.734s] -- Searching for dependencies of ignition-common3-graphics
[6.735s] -- Looking for ignition-math6 -- found version 6.15.1
[6.754s] -- Looking for ignition-fuel_tools4 -- found version 4.4.0
[6.754s] -- Searching for dependencies of ignition-fuel_tools4
[7.015s] -- Found CURL: /usr/lib/x86_64-linux-gnu/libcurl.so (found version "7.81.0")
[7.102s] [31mCMake Error at /usr/lib/x86_64-linux-gnu/cmake/jsoncpp/jsoncppConfig.cmake:2 (cmake_policy):
[7.102s]   Compatibility with CMake < 3.5 has been removed from CMake.
[7.102s] 
[7.103s]   Update the VERSION argument <min> value.  Or, use the <min>...<max> syntax
[7.103s]   to tell CMake that the project requires at least <min> but has been updated
[7.103s]   to work with policies introduced by <max> or earlier.
[7.103s] 
[7.104s]   Or, add -DCMAKE_POLICY_VERSION_MINIMUM=3.5 to try configuring anyway.
[7.104s] Call Stack (most recent call first):
[7.104s]   /usr/share/cmake/ignition-cmake2/cmake2/FindJSONCPP.cmake:34 (find_package)
[7.105s]   /usr/lib/x86_64-linux-gnu/cmake/ignition-fuel_tools4/ignition-fuel_tools4-config.cmake:94 (find_package)
[7.105s]   /usr/lib/x86_64-linux-gnu/cmake/gazebo/gazebo-config.cmake:251 (find_package)
[7.105s]   /opt/ros/humble/share/gazebo_dev/cmake/gazebo_dev-extras.cmake:3 (find_package)
[7.105s]   /opt/ros/humble/share/gazebo_dev/cmake/gazebo_devConfig.cmake:41 (include)
[7.106s]   CMakeLists.txt:8 (find_package)
[7.106s] 
[7.106s] [0m
[7.106s] -- Configuring incomplete, errors occurred!
[7.143s] Invoked command in '/home/devika/new_manipulator/src/build/gazebo_ros2_control' returned '1': CMAKE_PREFIX_PATH=${CMAKE_PREFIX_PATH}:/opt/ros/humble /home/devika/.local/bin/cmake /home/devika/new_manipulator/src/gazebo_ros2_control -DCMAKE_INSTALL_PREFIX=/home/devika/new_manipulator/src/install/gazebo_ros2_control
