[0mnew_manipulator_servo: You did not request a specific build type: Choosing 'Release' for maximum performance[0m
[33mCMake Warning (dev) at /opt/ros/humble/share/moveit_ros_planning_interface/cmake/ConfigExtras.cmake:9 (find_package):
  Policy CMP0167 is not set: The FindBoost module is removed.  Run "cmake
  --help-policy CMP0167" for policy details.  Use the cmake_policy command to
  set the policy and suppress this warning.

Call Stack (most recent call first):
  /opt/ros/humble/share/moveit_ros_planning_interface/cmake/moveit_ros_planning_interfaceConfig.cmake:41 (include)
  CMakeLists.txt:33 (find_package)
This warning is for project developers.  Use -Wno-dev to suppress it.
[0m
[33mCMake Warning (dev) at /opt/ros/humble/share/moveit_core/cmake/ConfigExtras.cmake:3 (find_package):
  Policy CMP0167 is not set: The FindBoost module is removed.  Run "cmake
  --help-policy CMP0167" for policy details.  Use the cmake_policy command to
  set the policy and suppress this warning.

Call Stack (most recent call first):
  /opt/ros/humble/share/moveit_core/cmake/moveit_coreConfig.cmake:41 (include)
  /opt/ros/humble/share/moveit_ros_planning_interface/cmake/ament_cmake_export_dependencies-extras.cmake:21 (find_package)
  /opt/ros/humble/share/moveit_ros_planning_interface/cmake/moveit_ros_planning_interfaceConfig.cmake:41 (include)
  CMakeLists.txt:33 (find_package)
This warning is for project developers.  Use -Wno-dev to suppress it.
[0m
[33mCMake Warning (dev) at /opt/ros/humble/share/geometric_shapes/cmake/ConfigExtras.cmake:31 (find_package):
  Policy CMP0167 is not set: The FindBoost module is removed.  Run "cmake
  --help-policy CMP0167" for policy details.  Use the cmake_policy command to
  set the policy and suppress this warning.

Call Stack (most recent call first):
  /opt/ros/humble/share/geometric_shapes/cmake/geometric_shapesConfig.cmake:41 (include)
  /opt/ros/humble/share/moveit_core/cmake/ament_cmake_export_dependencies-extras.cmake:21 (find_package)
  /opt/ros/humble/share/moveit_core/cmake/moveit_coreConfig.cmake:41 (include)
  /opt/ros/humble/share/moveit_ros_planning_interface/cmake/ament_cmake_export_dependencies-extras.cmake:21 (find_package)
  /opt/ros/humble/share/moveit_ros_planning_interface/cmake/moveit_ros_planning_interfaceConfig.cmake:41 (include)
  CMakeLists.txt:33 (find_package)
This warning is for project developers.  Use -Wno-dev to suppress it.
[0m
[33mCMake Warning (dev) at /opt/ros/humble/share/moveit_ros_planning/cmake/ConfigExtras.cmake:3 (find_package):
  Policy CMP0167 is not set: The FindBoost module is removed.  Run "cmake
  --help-policy CMP0167" for policy details.  Use the cmake_policy command to
  set the policy and suppress this warning.

Call Stack (most recent call first):
  /opt/ros/humble/share/moveit_ros_planning/cmake/moveit_ros_planningConfig.cmake:41 (include)
  /opt/ros/humble/share/moveit_ros_planning_interface/cmake/ament_cmake_export_dependencies-extras.cmake:21 (find_package)
  /opt/ros/humble/share/moveit_ros_planning_interface/cmake/moveit_ros_planning_interfaceConfig.cmake:41 (include)
  CMakeLists.txt:33 (find_package)
This warning is for project developers.  Use -Wno-dev to suppress it.
[0m
[33mCMake Warning (dev) at /opt/ros/humble/share/moveit_ros_warehouse/cmake/ConfigExtras.cmake:3 (find_package):
  Policy CMP0167 is not set: The FindBoost module is removed.  Run "cmake
  --help-policy CMP0167" for policy details.  Use the cmake_policy command to
  set the policy and suppress this warning.

Call Stack (most recent call first):
  /opt/ros/humble/share/moveit_ros_warehouse/cmake/moveit_ros_warehouseConfig.cmake:41 (include)
  /opt/ros/humble/share/moveit_ros_planning_interface/cmake/ament_cmake_export_dependencies-extras.cmake:21 (find_package)
  /opt/ros/humble/share/moveit_ros_planning_interface/cmake/moveit_ros_planning_interfaceConfig.cmake:41 (include)
  CMakeLists.txt:33 (find_package)
This warning is for project developers.  Use -Wno-dev to suppress it.
[0m
[33mCMake Warning (dev) at /opt/ros/humble/share/moveit_ros_move_group/cmake/ConfigExtras.cmake:3 (find_package):
  Policy CMP0167 is not set: The FindBoost module is removed.  Run "cmake
  --help-policy CMP0167" for policy details.  Use the cmake_policy command to
  set the policy and suppress this warning.

Call Stack (most recent call first):
  /opt/ros/humble/share/moveit_ros_move_group/cmake/moveit_ros_move_groupConfig.cmake:41 (include)
  /opt/ros/humble/share/moveit_ros_planning_interface/cmake/ament_cmake_export_dependencies-extras.cmake:21 (find_package)
  /opt/ros/humble/share/moveit_ros_planning_interface/cmake/moveit_ros_planning_interfaceConfig.cmake:41 (include)
  CMakeLists.txt:33 (find_package)
This warning is for project developers.  Use -Wno-dev to suppress it.
[0m
[33mCMake Warning (dev) at /opt/ros/humble/share/python_cmake_module/cmake/Modules/FindPythonExtra.cmake:52 (find_package):
  Policy CMP0148 is not set: The FindPythonInterp and FindPythonLibs modules
  are removed.  Run "cmake --help-policy CMP0148" for policy details.  Use
  the cmake_policy command to set the policy and suppress this warning.

Call Stack (most recent call first):
  /opt/ros/humble/share/launch_testing_ament_cmake/cmake/launch_testing_ament_cmake-extras.cmake:18 (find_package)
  /opt/ros/humble/share/launch_testing_ament_cmake/cmake/launch_testing_ament_cmakeConfig.cmake:41 (include)
  /opt/ros/humble/share/ros_testing/cmake/ros_testing-extras.cmake:15 (find_package)
  /opt/ros/humble/share/ros_testing/cmake/ros_testingConfig.cmake:41 (include)
  CMakeLists.txt:211 (find_package)
This warning is for project developers.  Use -Wno-dev to suppress it.
[0m
[33mCMake Warning (dev) at /opt/ros/humble/share/python_cmake_module/cmake/Modules/FindPythonExtra.cmake:140 (find_package):
  Policy CMP0148 is not set: The FindPythonInterp and FindPythonLibs modules
  are removed.  Run "cmake --help-policy CMP0148" for policy details.  Use
  the cmake_policy command to set the policy and suppress this warning.

Call Stack (most recent call first):
  /opt/ros/humble/share/launch_testing_ament_cmake/cmake/launch_testing_ament_cmake-extras.cmake:18 (find_package)
  /opt/ros/humble/share/launch_testing_ament_cmake/cmake/launch_testing_ament_cmakeConfig.cmake:41 (include)
  /opt/ros/humble/share/ros_testing/cmake/ros_testing-extras.cmake:15 (find_package)
  /opt/ros/humble/share/ros_testing/cmake/ros_testingConfig.cmake:41 (include)
  CMakeLists.txt:211 (find_package)
This warning is for project developers.  Use -Wno-dev to suppress it.
[0m
[33mCMake Warning (dev) at CMakeLists.txt:212 (find_package):
  Policy CMP0167 is not set: The FindBoost module is removed.  Run "cmake
  --help-policy CMP0167" for policy details.  Use the cmake_policy command to
  set the policy and suppress this warning.

This warning is for project developers.  Use -Wno-dev to suppress it.
[0m
[0mCMake Deprecation Warning at /opt/ros/humble/src/gtest_vendor/CMakeLists.txt:2 (cmake_minimum_required):
  Compatibility with CMake < 3.10 will be removed from a future version of
  CMake.

  Update the VERSION argument <min> value.  Or, use the <min>...<max> syntax
  to tell CMake that the project requires at least <min> but has been updated
  to work with policies introduced by <max> or earlier.

[0m
