[0.029s] Invoking command in '/home/devika/new_manipulator/src/build/new_manipulator_servo': CMAKE_PREFIX_PATH=${CMAKE_PREFIX_PATH}:/opt/ros/humble /home/devika/.local/bin/cmake /home/devika/new_manipulator/src/new_manipulator_servo -DCMAKE_INSTALL_PREFIX=/home/devika/new_manipulator/src/install/new_manipulator_servo
[0.666s] -- The C compiler identification is GNU 11.4.0
[1.172s] -- The CXX compiler identification is GNU 11.4.0
[1.194s] -- Detecting C compiler ABI info
[1.330s] -- Detecting C compiler ABI info - done
[1.358s] -- Check for working C compiler: /usr/bin/cc - skipped
[1.359s] -- Detecting C compile features
[1.360s] -- Detecting C compile features - done
[1.391s] -- Detecting CXX compiler ABI info
[1.542s] -- Detecting CXX compiler ABI info - done
[1.569s] -- Check for working CXX compiler: /usr/bin/c++ - skipped
[1.569s] -- Detecting CXX compile features
[1.570s] -- Detecting CXX compile features - done
[1.593s] -- Found moveit_common: 2.5.9 (/opt/ros/humble/share/moveit_common/cmake)
[1.600s] -- Found ament_cmake: 1.3.12 (/opt/ros/humble/share/ament_cmake/cmake)
[1.915s] -- Found Python3: /usr/bin/python3 (found version "3.10.12") found components: Interpreter
[2.372s] [0mnew_manipulator_servo: You did not request a specific build type: Choosing 'Release' for maximum performance[0m
[2.381s] -- Found moveit_ros_planning_interface: 2.5.9 (/opt/ros/humble/share/moveit_ros_planning_interface/cmake)
[2.381s] [33mCMake Warning (dev) at /opt/ros/humble/share/moveit_ros_planning_interface/cmake/ConfigExtras.cmake:9 (find_package):
[2.382s]   Policy CMP0167 is not set: The FindBoost module is removed.  Run "cmake
[2.382s]   --help-policy CMP0167" for policy details.  Use the cmake_policy command to
[2.382s]   set the policy and suppress this warning.
[2.382s] 
[2.383s] Call Stack (most recent call first):
[2.383s]   /opt/ros/humble/share/moveit_ros_planning_interface/cmake/moveit_ros_planning_interfaceConfig.cmake:41 (include)
[2.383s]   CMakeLists.txt:33 (find_package)
[2.383s] This warning is for project developers.  Use -Wno-dev to suppress it.
[2.383s] [0m
[2.727s] -- Found Boost: /usr/lib/x86_64-linux-gnu/cmake/Boost-1.74.0/BoostConfig.cmake (found version "1.74.0") found components: date_time filesystem program_options system thread
[2.897s] -- Found rosidl_generator_c: 3.1.8 (/opt/ros/humble/share/rosidl_generator_c/cmake)
[2.909s] -- Found rosidl_adapter: 3.1.8 (/opt/ros/humble/share/rosidl_adapter/cmake)
[2.932s] -- Found rosidl_generator_cpp: 3.1.8 (/opt/ros/humble/share/rosidl_generator_cpp/cmake)
[2.960s] -- Using all available rosidl_typesupport_c: rosidl_typesupport_fastrtps_c;rosidl_typesupport_introspection_c
[2.998s] -- Using all available rosidl_typesupport_cpp: rosidl_typesupport_fastrtps_cpp;rosidl_typesupport_introspection_cpp
[3.567s] [33mCMake Warning (dev) at /opt/ros/humble/share/moveit_core/cmake/ConfigExtras.cmake:3 (find_package):
[3.567s]   Policy CMP0167 is not set: The FindBoost module is removed.  Run "cmake
[3.567s]   --help-policy CMP0167" for policy details.  Use the cmake_policy command to
[3.567s]   set the policy and suppress this warning.
[3.568s] 
[3.568s] Call Stack (most recent call first):
[3.568s]   /opt/ros/humble/share/moveit_core/cmake/moveit_coreConfig.cmake:41 (include)
[3.568s]   /opt/ros/humble/share/moveit_ros_planning_interface/cmake/ament_cmake_export_dependencies-extras.cmake:21 (find_package)
[3.568s]   /opt/ros/humble/share/moveit_ros_planning_interface/cmake/moveit_ros_planning_interfaceConfig.cmake:41 (include)
[3.568s]   CMakeLists.txt:33 (find_package)
[3.568s] This warning is for project developers.  Use -Wno-dev to suppress it.
[3.568s] [0m
[3.636s] -- Found Boost: /usr/lib/x86_64-linux-gnu/cmake/Boost-1.74.0/BoostConfig.cmake (found version "1.74.0") found components: chrono date_time filesystem iostreams program_options regex serialization system thread
[3.858s] -- Found parameter_traits: 0.6.0 (/opt/ros/humble/share/parameter_traits/cmake)
[3.997s] -- Found rmw_implementation_cmake: 6.1.2 (/opt/ros/humble/share/rmw_implementation_cmake/cmake)
[4.007s] -- Found rmw_fastrtps_cpp: 6.2.9 (/opt/ros/humble/share/rmw_fastrtps_cpp/cmake)
[4.249s] -- Found OpenSSL: /usr/lib/x86_64-linux-gnu/libcrypto.so (found version "3.0.2")
[4.332s] -- Found FastRTPS: /opt/ros/humble/include
[4.451s] -- Using RMW implementation 'rmw_fastrtps_cpp' as default
[4.476s] -- Found Threads: TRUE
[4.601s] -- Found rclcpp_lifecycle: 16.0.17 (/opt/ros/humble/share/rclcpp_lifecycle/cmake)
[4.660s] [33mCMake Warning (dev) at /opt/ros/humble/share/geometric_shapes/cmake/ConfigExtras.cmake:31 (find_package):
[4.660s]   Policy CMP0167 is not set: The FindBoost module is removed.  Run "cmake
[4.660s]   --help-policy CMP0167" for policy details.  Use the cmake_policy command to
[4.660s]   set the policy and suppress this warning.
[4.661s] 
[4.661s] Call Stack (most recent call first):
[4.661s]   /opt/ros/humble/share/geometric_shapes/cmake/geometric_shapesConfig.cmake:41 (include)
[4.661s]   /opt/ros/humble/share/moveit_core/cmake/ament_cmake_export_dependencies-extras.cmake:21 (find_package)
[4.661s]   /opt/ros/humble/share/moveit_core/cmake/moveit_coreConfig.cmake:41 (include)
[4.661s]   /opt/ros/humble/share/moveit_ros_planning_interface/cmake/ament_cmake_export_dependencies-extras.cmake:21 (find_package)
[4.661s]   /opt/ros/humble/share/moveit_ros_planning_interface/cmake/moveit_ros_planning_interfaceConfig.cmake:41 (include)
[4.661s]   CMakeLists.txt:33 (find_package)
[4.662s] This warning is for project developers.  Use -Wno-dev to suppress it.
[4.662s] [0m
[4.667s] -- Found Boost: /usr/lib/x86_64-linux-gnu/cmake/Boost-1.74.0/BoostConfig.cmake (found version "1.74.0") found components: filesystem
[4.888s] -- library: /usr/lib/x86_64-linux-gnu/libcurl.so
[5.004s] -- Found Eigen3: TRUE (found version "3.4.0")
[5.004s] -- Ensuring Eigen3 include directory is part of orocos-kdl CMake target
[5.424s] [33mCMake Warning (dev) at /opt/ros/humble/share/moveit_ros_planning/cmake/ConfigExtras.cmake:3 (find_package):
[5.424s]   Policy CMP0167 is not set: The FindBoost module is removed.  Run "cmake
[5.424s]   --help-policy CMP0167" for policy details.  Use the cmake_policy command to
[5.424s]   set the policy and suppress this warning.
[5.424s] 
[5.424s] Call Stack (most recent call first):
[5.424s]   /opt/ros/humble/share/moveit_ros_planning/cmake/moveit_ros_planningConfig.cmake:41 (include)
[5.424s]   /opt/ros/humble/share/moveit_ros_planning_interface/cmake/ament_cmake_export_dependencies-extras.cmake:21 (find_package)
[5.425s]   /opt/ros/humble/share/moveit_ros_planning_interface/cmake/moveit_ros_planning_interfaceConfig.cmake:41 (include)
[5.425s]   CMakeLists.txt:33 (find_package)
[5.425s] This warning is for project developers.  Use -Wno-dev to suppress it.
[5.425s] [0m
[5.436s] -- Found Boost: /usr/lib/x86_64-linux-gnu/cmake/Boost-1.74.0/BoostConfig.cmake (found version "1.74.0") found components: system filesystem date_time program_options thread chrono
[5.522s] [33mCMake Warning (dev) at /opt/ros/humble/share/moveit_ros_warehouse/cmake/ConfigExtras.cmake:3 (find_package):
[5.522s]   Policy CMP0167 is not set: The FindBoost module is removed.  Run "cmake
[5.522s]   --help-policy CMP0167" for policy details.  Use the cmake_policy command to
[5.522s]   set the policy and suppress this warning.
[5.522s] 
[5.522s] Call Stack (most recent call first):
[5.523s]   /opt/ros/humble/share/moveit_ros_warehouse/cmake/moveit_ros_warehouseConfig.cmake:41 (include)
[5.523s]   /opt/ros/humble/share/moveit_ros_planning_interface/cmake/ament_cmake_export_dependencies-extras.cmake:21 (find_package)
[5.523s]   /opt/ros/humble/share/moveit_ros_planning_interface/cmake/moveit_ros_planning_interfaceConfig.cmake:41 (include)
[5.523s]   CMakeLists.txt:33 (find_package)
[5.523s] This warning is for project developers.  Use -Wno-dev to suppress it.
[5.523s] [0m
[5.534s] -- Found Boost: /usr/lib/x86_64-linux-gnu/cmake/Boost-1.74.0/BoostConfig.cmake (found version "1.74.0") found components: thread system filesystem regex date_time program_options
[5.594s] [33mCMake Warning (dev) at /opt/ros/humble/share/moveit_ros_move_group/cmake/ConfigExtras.cmake:3 (find_package):
[5.594s]   Policy CMP0167 is not set: The FindBoost module is removed.  Run "cmake
[5.595s]   --help-policy CMP0167" for policy details.  Use the cmake_policy command to
[5.595s]   set the policy and suppress this warning.
[5.595s] 
[5.595s] Call Stack (most recent call first):
[5.595s]   /opt/ros/humble/share/moveit_ros_move_group/cmake/moveit_ros_move_groupConfig.cmake:41 (include)
[5.595s]   /opt/ros/humble/share/moveit_ros_planning_interface/cmake/ament_cmake_export_dependencies-extras.cmake:21 (find_package)
[5.595s]   /opt/ros/humble/share/moveit_ros_planning_interface/cmake/moveit_ros_planning_interfaceConfig.cmake:41 (include)
[5.595s]   CMakeLists.txt:33 (find_package)
[5.595s] This warning is for project developers.  Use -Wno-dev to suppress it.
[5.596s] [0m
[5.605s] -- Found Boost: /usr/lib/x86_64-linux-gnu/cmake/Boost-1.74.0/BoostConfig.cmake (found version "1.74.0") found components: system filesystem date_time program_options thread
[5.725s] -- Found control_msgs: 4.8.0 (/opt/ros/humble/share/control_msgs/cmake)
[5.833s] -- Found control_toolbox: 3.6.3 (/opt/ros/humble/share/control_toolbox/cmake)
[6.113s] -- Found ament_lint_auto: 0.12.14 (/opt/ros/humble/share/ament_lint_auto/cmake)
[6.123s] -- Found ament_cmake_gtest: 1.3.12 (/opt/ros/humble/share/ament_cmake_gtest/cmake)
[6.134s] -- Found ros_testing: 0.4.0 (/opt/ros/humble/share/ros_testing/cmake)
[6.144s] -- Found launch_testing_ament_cmake: 1.0.13 (/opt/ros/humble/share/launch_testing_ament_cmake/cmake)
[6.152s] -- Found python_cmake_module: 0.10.0 (/opt/ros/humble/share/python_cmake_module/cmake)
[6.154s] [33mCMake Warning (dev) at /opt/ros/humble/share/python_cmake_module/cmake/Modules/FindPythonExtra.cmake:52 (find_package):
[6.154s]   Policy CMP0148 is not set: The FindPythonInterp and FindPythonLibs modules
[6.155s]   are removed.  Run "cmake --help-policy CMP0148" for policy details.  Use
[6.155s]   the cmake_policy command to set the policy and suppress this warning.
[6.155s] 
[6.155s] Call Stack (most recent call first):
[6.155s]   /opt/ros/humble/share/launch_testing_ament_cmake/cmake/launch_testing_ament_cmake-extras.cmake:18 (find_package)
[6.156s]   /opt/ros/humble/share/launch_testing_ament_cmake/cmake/launch_testing_ament_cmakeConfig.cmake:41 (include)
[6.156s]   /opt/ros/humble/share/ros_testing/cmake/ros_testing-extras.cmake:15 (find_package)
[6.156s]   /opt/ros/humble/share/ros_testing/cmake/ros_testingConfig.cmake:41 (include)
[6.156s]   CMakeLists.txt:211 (find_package)
[6.156s] This warning is for project developers.  Use -Wno-dev to suppress it.
[6.156s] [0m
[6.217s] -- Found PythonInterp: /usr/bin/python3 (found suitable version "3.10.12", minimum required is "3.6")
[6.217s] [33mCMake Warning (dev) at /opt/ros/humble/share/python_cmake_module/cmake/Modules/FindPythonExtra.cmake:140 (find_package):
[6.218s]   Policy CMP0148 is not set: The FindPythonInterp and FindPythonLibs modules
[6.218s]   are removed.  Run "cmake --help-policy CMP0148" for policy details.  Use
[6.218s]   the cmake_policy command to set the policy and suppress this warning.
[6.218s] 
[6.218s] Call Stack (most recent call first):
[6.218s]   /opt/ros/humble/share/launch_testing_ament_cmake/cmake/launch_testing_ament_cmake-extras.cmake:18 (find_package)
[6.219s]   /opt/ros/humble/share/launch_testing_ament_cmake/cmake/launch_testing_ament_cmakeConfig.cmake:41 (include)
[6.219s]   /opt/ros/humble/share/ros_testing/cmake/ros_testing-extras.cmake:15 (find_package)
[6.219s]   /opt/ros/humble/share/ros_testing/cmake/ros_testingConfig.cmake:41 (include)
[6.219s]   CMakeLists.txt:211 (find_package)
[6.219s] This warning is for project developers.  Use -Wno-dev to suppress it.
[6.219s] [0m
[6.244s] -- Found PythonLibs: /usr/lib/x86_64-linux-gnu/libpython3.10.so (found suitable version "3.10.12", minimum required is "3.5")
[6.245s] -- Using PYTHON_EXECUTABLE: /usr/bin/python3
[6.245s] -- Using PYTHON_INCLUDE_DIRS: /usr/include/python3.10
[6.245s] -- Using PYTHON_LIBRARIES: /usr/lib/x86_64-linux-gnu/libpython3.10.so
[6.304s] -- Found PythonExtra: .so
[6.308s] [33mCMake Warning (dev) at CMakeLists.txt:212 (find_package):
[6.308s]   Policy CMP0167 is not set: The FindBoost module is removed.  Run "cmake
[6.308s]   --help-policy CMP0167" for policy details.  Use the cmake_policy command to
[6.308s]   set the policy and suppress this warning.
[6.308s] 
[6.309s] This warning is for project developers.  Use -Wno-dev to suppress it.
[6.309s] [0m
[6.319s] -- Found Boost: /usr/lib/x86_64-linux-gnu/cmake/Boost-1.74.0/BoostConfig.cmake (found version "1.74.0") found components: filesystem
[6.515s] -- Found gtest sources under '/opt/ros/humble/src/gtest_vendor': C++ tests using 'Google Test' will be built
[6.522s] [0mCMake Deprecation Warning at /opt/ros/humble/src/gtest_vendor/CMakeLists.txt:2 (cmake_minimum_required):
[6.522s]   Compatibility with CMake < 3.10 will be removed from a future version of
[6.522s]   CMake.
[6.522s] 
[6.522s]   Update the VERSION argument <min> value.  Or, use the <min>...<max> syntax
[6.522s]   to tell CMake that the project requires at least <min> but has been updated
[6.523s]   to work with policies introduced by <max> or earlier.
[6.523s] 
[6.523s] [0m
[6.649s] -- Added test 'cppcheck' to perform static code analysis on C / C++ code
[6.655s] -- Configured cppcheck include dirs: /home/devika/new_manipulator/src/new_manipulator_servo/include
[6.655s] -- Configured cppcheck exclude dirs and/or files: 
[6.659s] -- Added test 'lint_cmake' to check CMake code style
[6.662s] -- Added test 'pep257' to check Python code against some of the docstring style conventions in PEP 257
[6.666s] -- Added test 'xmllint' to check XML markup files
[6.672s] -- Configuring done (6.5s)
[7.357s] -- Generating done (0.7s)
[7.456s] -- Build files have been written to: /home/devika/new_manipulator/src/build/new_manipulator_servo
