-- Found moveit_common: 2.5.9 (/opt/ros/humble/share/moveit_common/cmake)
-- Found ament_cmake: 1.3.12 (/opt/ros/humble/share/ament_cmake/cmake)
-- Found moveit_ros_planning_interface: 2.5.9 (/opt/ros/humble/share/moveit_ros_planning_interface/cmake)
-- Found Boost: /usr/lib/x86_64-linux-gnu/cmake/Boost-1.74.0/BoostConfig.cmake (found version "1.74.0") found components: date_time filesystem program_options system thread
-- Found rosidl_generator_c: 3.1.8 (/opt/ros/humble/share/rosidl_generator_c/cmake)
-- Found rosidl_adapter: 3.1.8 (/opt/ros/humble/share/rosidl_adapter/cmake)
-- Found rosidl_generator_cpp: 3.1.8 (/opt/ros/humble/share/rosidl_generator_cpp/cmake)
-- Using all available rosidl_typesupport_c: rosidl_typesupport_fastrtps_c;rosidl_typesupport_introspection_c
-- Using all available rosidl_typesupport_cpp: rosidl_typesupport_fastrtps_cpp;rosidl_typesupport_introspection_cpp
-- Found Boost: /usr/lib/x86_64-linux-gnu/cmake/Boost-1.74.0/BoostConfig.cmake (found version "1.74.0") found components: chrono date_time filesystem iostreams program_options regex serialization system thread
-- Found parameter_traits: 0.6.0 (/opt/ros/humble/share/parameter_traits/cmake)
-- Found rmw_implementation_cmake: 6.1.2 (/opt/ros/humble/share/rmw_implementation_cmake/cmake)
-- Found rmw_fastrtps_cpp: 6.2.9 (/opt/ros/humble/share/rmw_fastrtps_cpp/cmake)
-- Using RMW implementation 'rmw_fastrtps_cpp' as default
-- Found rclcpp_lifecycle: 16.0.17 (/opt/ros/humble/share/rclcpp_lifecycle/cmake)
-- Found Boost: /usr/lib/x86_64-linux-gnu/cmake/Boost-1.74.0/BoostConfig.cmake (found version "1.74.0") found components: filesystem
-- library: /usr/lib/x86_64-linux-gnu/libcurl.so
-- Ensuring Eigen3 include directory is part of orocos-kdl CMake target
-- Found Boost: /usr/lib/x86_64-linux-gnu/cmake/Boost-1.74.0/BoostConfig.cmake (found version "1.74.0") found components: system filesystem date_time program_options thread chrono
-- Found Boost: /usr/lib/x86_64-linux-gnu/cmake/Boost-1.74.0/BoostConfig.cmake (found version "1.74.0") found components: thread system filesystem regex date_time program_options
-- Found Boost: /usr/lib/x86_64-linux-gnu/cmake/Boost-1.74.0/BoostConfig.cmake (found version "1.74.0") found components: system filesystem date_time program_options thread
-- Found control_msgs: 4.8.0 (/opt/ros/humble/share/control_msgs/cmake)
-- Found control_toolbox: 3.6.3 (/opt/ros/humble/share/control_toolbox/cmake)
-- Found ament_lint_auto: 0.12.14 (/opt/ros/humble/share/ament_lint_auto/cmake)
-- Found ament_cmake_gtest: 1.3.12 (/opt/ros/humble/share/ament_cmake_gtest/cmake)
-- Found ros_testing: 0.4.0 (/opt/ros/humble/share/ros_testing/cmake)
-- Found launch_testing_ament_cmake: 1.0.13 (/opt/ros/humble/share/launch_testing_ament_cmake/cmake)
-- Found python_cmake_module: 0.10.0 (/opt/ros/humble/share/python_cmake_module/cmake)
-- Using PYTHON_EXECUTABLE: /usr/bin/python3
-- Using PYTHON_INCLUDE_DIRS: /usr/include/python3.10
-- Using PYTHON_LIBRARIES: /usr/lib/x86_64-linux-gnu/libpython3.10.so
-- Found Boost: /usr/lib/x86_64-linux-gnu/cmake/Boost-1.74.0/BoostConfig.cmake (found version "1.74.0") found components: filesystem
-- Found gtest sources under '/opt/ros/humble/src/gtest_vendor': C++ tests using 'Google Test' will be built
-- Added test 'cppcheck' to perform static code analysis on C / C++ code
-- Configured cppcheck include dirs: /home/devika/new_manipulator/src/new_manipulator_servo/include
-- Configured cppcheck exclude dirs and/or files: 
-- Added test 'lint_cmake' to check CMake code style
-- Added test 'pep257' to check Python code against some of the docstring style conventions in PEP 257
-- Added test 'xmllint' to check XML markup files
-- Configuring done (2.8s)
-- Generating done (0.6s)
-- Build files have been written to: /home/devika/new_manipulator/src/build/new_manipulator_servo
[  2%] [32mBuilding CXX object gtest/CMakeFiles/gtest_main.dir/src/gtest_main.cc.o[0m
[  8%] [32mBuilding CXX object gtest/CMakeFiles/gtest.dir/src/gtest-all.cc.o[0m
[  8%] [32mBuilding CXX object CMakeFiles/servo_controller_input.dir/src/teleop_demo/joystick_servo_example.cpp.o[0m
[ 10%] [32mBuilding CXX object CMakeFiles/fake_command_publisher.dir/test/publish_fake_jog_commands.cpp.o[0m
[ 16%] [32mBuilding CXX object CMakeFiles/moveit_servo_lib_parameters.dir/src/servo_parameters.cpp.o[0m
[ 16%] [32mBuilding CXX object CMakeFiles/moveit_servo_lib_parameters.dir/src/parameter_descriptor_builder.cpp.o[0m
[ 18%] [1m[32mLinking CXX static library libgtest_main.a[0m
[ 18%] [0mBuilt target gtest_main[0m
[ 21%] [1m[32mLinking CXX executable fake_command_publisher[0m
[ 21%] [0mBuilt target fake_command_publisher[0m
[ 24%] [1m[32mLinking CXX static library libgtest.a[0m
[ 24%] [0mBuilt target gtest[0m
[ 27%] [1m[32mLinking CXX shared library libmoveit_servo_lib_parameters.so[0m
[ 27%] [0mBuilt target moveit_servo_lib_parameters[0m
[ 32%] [32mBuilding CXX object CMakeFiles/test_servo_integration.dir/test/test_servo_interface.cpp.o[0m
[ 35%] [32mBuilding CXX object CMakeFiles/moveit_servo_lib.dir/src/enforce_limits.cpp.o[0m
[ 32%] [32mBuilding CXX object CMakeFiles/test_servo_collision.dir/test/test_servo_collision.cpp.o[0m
[ 37%] [32mBuilding CXX object CMakeFiles/moveit_servo_lib.dir/src/collision_check.cpp.o[0m
[ 40%] [32mBuilding CXX object CMakeFiles/moveit_servo_lib.dir/src/servo.cpp.o[0m
[ 43%] [32mBuilding CXX object CMakeFiles/moveit_servo_lib.dir/src/servo_calcs.cpp.o[0m
[ 45%] [32mBuilding CXX object CMakeFiles/moveit_servo_lib.dir/src/utilities.cpp.o[0m
[ 48%] [1m[32mLinking CXX shared library libservo_controller_input.so[0m
[ 48%] [0mBuilt target servo_controller_input[0m
