[0.046s] Invoking command in '/home/devika/new_manipulator/src/build/gazebo_ros2_control': CMAKE_PREFIX_PATH=${CMAKE_PREFIX_PATH}:/opt/ros/humble /home/devika/.local/bin/cmake /home/devika/new_manipulator/src/gazebo_ros2_control -DCMAKE_POLICY_VERSION_MINIMUM=3.5 -DCMAKE_INSTALL_PREFIX=/home/devika/new_manipulator/src/install/gazebo_ros2_control
[0.204s] [0mCMake Deprecation Warning at CMakeLists.txt:1 (cmake_minimum_required):
[0.204s]   Compatibility with CMake < 3.10 will be removed from a future version of
[0.204s]   CMake.
[0.204s] 
[0.204s]   Update the VERSION argument <min> value.  Or, use the <min>...<max> syntax
[0.205s]   to tell CMake that the project requires at least <min> but has been updated
[0.205s]   to work with policies introduced by <max> or earlier.
[0.205s] 
[0.205s] [0m
[0.221s] -- Found ament_cmake: 1.3.12 (/opt/ros/humble/share/ament_cmake/cmake)
[0.654s] -- Found angles: 1.15.0 (/opt/ros/humble/share/angles/cmake)
[0.659s] -- Found controller_manager: 2.53.0 (/opt/ros/humble/share/controller_manager/cmake)
[0.729s] -- Found rosidl_generator_c: 3.1.8 (/opt/ros/humble/share/rosidl_generator_c/cmake)
[0.736s] -- Found rosidl_adapter: 3.1.8 (/opt/ros/humble/share/rosidl_adapter/cmake)
[0.749s] -- Found rosidl_generator_cpp: 3.1.8 (/opt/ros/humble/share/rosidl_generator_cpp/cmake)
[0.770s] -- Using all available rosidl_typesupport_c: rosidl_typesupport_fastrtps_c;rosidl_typesupport_introspection_c
[0.798s] -- Using all available rosidl_typesupport_cpp: rosidl_typesupport_fastrtps_cpp;rosidl_typesupport_introspection_cpp
[1.180s] -- Found rmw_implementation_cmake: 6.1.2 (/opt/ros/humble/share/rmw_implementation_cmake/cmake)
[1.182s] -- Found rmw_fastrtps_cpp: 6.2.9 (/opt/ros/humble/share/rmw_fastrtps_cpp/cmake)
[1.220s] -- Found TinyXML2 via Config file: TinyXML2_DIR-NOTFOUND
[1.236s] -- Found TinyXML2 via Config file: TinyXML2_DIR-NOTFOUND
[1.269s] -- Found TinyXML2 via Config file: TinyXML2_DIR-NOTFOUND
[1.286s] -- Found TinyXML2 via Config file: TinyXML2_DIR-NOTFOUND
[1.311s] -- Using RMW implementation 'rmw_fastrtps_cpp' as default
[1.533s] -- Found control_toolbox: 3.6.3 (/opt/ros/humble/share/control_toolbox/cmake)
[1.587s] [33mCMake Warning (dev) at /opt/ros/humble/share/filters/cmake/ament_cmake_export_dependencies-extras.cmake:21 (find_package):
[1.587s]   Policy CMP0167 is not set: The FindBoost module is removed.  Run "cmake
[1.587s]   --help-policy CMP0167" for policy details.  Use the cmake_policy command to
[1.587s]   set the policy and suppress this warning.
[1.587s] 
[1.587s] Call Stack (most recent call first):
[1.587s]   /opt/ros/humble/share/filters/cmake/filtersConfig.cmake:41 (include)
[1.588s]   /opt/ros/humble/share/control_toolbox/cmake/ament_cmake_export_dependencies-extras.cmake:21 (find_package)
[1.588s]   /opt/ros/humble/share/control_toolbox/cmake/control_toolboxConfig.cmake:41 (include)
[1.588s]   CMakeLists.txt:7 (find_package)
[1.588s] This warning is for project developers.  Use -Wno-dev to suppress it.
[1.588s] [0m
[1.614s] -- Found gazebo_dev: 3.9.0 (/opt/ros/humble/share/gazebo_dev/cmake)
[1.627s] [0mCMake Deprecation Warning at /usr/lib/x86_64-linux-gnu/cmake/simbody/SimbodyTargets.cmake:7 (cmake_policy):
[1.627s]   Compatibility with CMake < 3.10 will be removed from a future version of
[1.628s]   CMake.
[1.628s] 
[1.628s]   Update the VERSION argument <min> value.  Or, use the <min>...<max> syntax
[1.628s]   to tell CMake that the project requires at least <min> but has been updated
[1.628s]   to work with policies introduced by <max> or earlier.
[1.628s] Call Stack (most recent call first):
[1.628s]   /usr/lib/x86_64-linux-gnu/cmake/simbody/SimbodyConfig.cmake:105 (include)
[1.628s]   /usr/lib/x86_64-linux-gnu/cmake/gazebo/gazebo-config.cmake:160 (find_package)
[1.628s]   /opt/ros/humble/share/gazebo_dev/cmake/gazebo_dev-extras.cmake:3 (find_package)
[1.629s]   /opt/ros/humble/share/gazebo_dev/cmake/gazebo_devConfig.cmake:41 (include)
[1.629s]   CMakeLists.txt:8 (find_package)
[1.629s] 
[1.629s] [0m
[1.665s] [33mCMake Warning (dev) at /usr/share/dart/cmake/DARTFindBoost.cmake:20 (find_package):
[1.665s]   Policy CMP0167 is not set: The FindBoost module is removed.  Run "cmake
[1.665s]   --help-policy CMP0167" for policy details.  Use the cmake_policy command to
[1.665s]   set the policy and suppress this warning.
[1.665s] 
[1.665s] Call Stack (most recent call first):
[1.665s]   /usr/share/dart/cmake/dart_dartComponent.cmake:6 (include)
[1.666s]   /usr/share/dart/cmake/DARTConfig.cmake:73 (include)
[1.666s]   /usr/share/dart/cmake/DARTConfig.cmake:133 (dart_traverse_components)
[1.666s]   /usr/share/dart/cmake/DARTConfig.cmake:181 (dart_package_init)
[1.666s]   /usr/lib/x86_64-linux-gnu/cmake/gazebo/gazebo-config.cmake:166 (find_package)
[1.666s]   /opt/ros/humble/share/gazebo_dev/cmake/gazebo_dev-extras.cmake:3 (find_package)
[1.666s]   /opt/ros/humble/share/gazebo_dev/cmake/gazebo_devConfig.cmake:41 (include)
[1.666s]   CMakeLists.txt:8 (find_package)
[1.666s] This warning is for project developers.  Use -Wno-dev to suppress it.
[1.667s] [0m
[1.823s] -- Found DART: /usr/include (Required is at least version "6.6") found components: dart
[1.850s] [33mCMake Warning (dev) at /usr/lib/x86_64-linux-gnu/cmake/gazebo/gazebo-config.cmake:197 (find_package):
[1.850s]   Policy CMP0167 is not set: The FindBoost module is removed.  Run "cmake
[1.850s]   --help-policy CMP0167" for policy details.  Use the cmake_policy command to
[1.851s]   set the policy and suppress this warning.
[1.851s] 
[1.851s] Call Stack (most recent call first):
[1.851s]   /opt/ros/humble/share/gazebo_dev/cmake/gazebo_dev-extras.cmake:3 (find_package)
[1.852s]   /opt/ros/humble/share/gazebo_dev/cmake/gazebo_devConfig.cmake:41 (include)
[1.852s]   CMakeLists.txt:8 (find_package)
[1.852s] This warning is for project developers.  Use -Wno-dev to suppress it.
[1.852s] [0m
[1.906s] -- Found Protobuf: /usr/lib/x86_64-linux-gnu/libprotobuf.so (found version "3.12.4")
[1.911s] -- Looking for ignition-math6 -- found version 6.15.1
[1.930s] -- Searching for dependencies of ignition-math6
[1.936s] -- Looking for OGRE...
[1.952s] -- Found Ogre Ghadamon (1.9.0)
[1.953s] -- Found OGRE: optimized;/usr/lib/x86_64-linux-gnu/libOgreMain.so;debug;/usr/lib/x86_64-linux-gnu/libOgreMain.so
[1.953s] [33mCMake Warning (dev) at /usr/share/OGRE/cmake/modules/FindOGRE.cmake:309 (find_package):
[1.953s]   Policy CMP0167 is not set: The FindBoost module is removed.  Run "cmake
[1.954s]   --help-policy CMP0167" for policy details.  Use the cmake_policy command to
[1.954s]   set the policy and suppress this warning.
[1.954s] 
[1.954s] Call Stack (most recent call first):
[1.954s]   /usr/lib/x86_64-linux-gnu/cmake/gazebo/gazebo-config.cmake:213 (find_package)
[1.955s]   /opt/ros/humble/share/gazebo_dev/cmake/gazebo_dev-extras.cmake:3 (find_package)
[1.955s]   /opt/ros/humble/share/gazebo_dev/cmake/gazebo_devConfig.cmake:41 (include)
[1.955s]   CMakeLists.txt:8 (find_package)
[1.955s] This warning is for project developers.  Use -Wno-dev to suppress it.
[1.956s] [0m
[1.964s] [33mCMake Warning (dev) at /usr/share/OGRE/cmake/modules/FindOGRE.cmake:318 (find_package):
[1.964s]   Policy CMP0167 is not set: The FindBoost module is removed.  Run "cmake
[1.964s]   --help-policy CMP0167" for policy details.  Use the cmake_policy command to
[1.964s]   set the policy and suppress this warning.
[1.964s] 
[1.964s] Call Stack (most recent call first):
[1.965s]   /usr/lib/x86_64-linux-gnu/cmake/gazebo/gazebo-config.cmake:213 (find_package)
[1.965s]   /opt/ros/humble/share/gazebo_dev/cmake/gazebo_dev-extras.cmake:3 (find_package)
[1.965s]   /opt/ros/humble/share/gazebo_dev/cmake/gazebo_devConfig.cmake:41 (include)
[1.965s]   CMakeLists.txt:8 (find_package)
[1.965s] This warning is for project developers.  Use -Wno-dev to suppress it.
[1.965s] [0m
[1.971s] -- Looking for OGRE_Paging...
[1.972s] -- Found OGRE_Paging: optimized;/usr/lib/x86_64-linux-gnu/libOgrePaging.so;debug;/usr/lib/x86_64-linux-gnu/libOgrePaging.so
[1.972s] -- Looking for OGRE_Terrain...
[1.972s] -- Found OGRE_Terrain: optimized;/usr/lib/x86_64-linux-gnu/libOgreTerrain.so;debug;/usr/lib/x86_64-linux-gnu/libOgreTerrain.so
[1.972s] -- Looking for OGRE_Property...
[1.973s] -- Found OGRE_Property: optimized;/usr/lib/x86_64-linux-gnu/libOgreProperty.so;debug;/usr/lib/x86_64-linux-gnu/libOgreProperty.so
[1.973s] -- Looking for OGRE_RTShaderSystem...
[1.973s] -- Found OGRE_RTShaderSystem: optimized;/usr/lib/x86_64-linux-gnu/libOgreRTShaderSystem.so;debug;/usr/lib/x86_64-linux-gnu/libOgreRTShaderSystem.so
[1.973s] -- Looking for OGRE_Volume...
[1.973s] -- Found OGRE_Volume: optimized;/usr/lib/x86_64-linux-gnu/libOgreVolume.so;debug;/usr/lib/x86_64-linux-gnu/libOgreVolume.so
[1.973s] -- Looking for OGRE_Overlay...
[1.973s] -- Found OGRE_Overlay: optimized;/usr/lib/x86_64-linux-gnu/libOgreOverlay.so;debug;/usr/lib/x86_64-linux-gnu/libOgreOverlay.so
[2.480s] -- Looking for ignition-math6 -- found version 6.15.1
[2.482s] -- Looking for ignition-transport8 -- found version 8.2.1
[2.483s] -- Searching for dependencies of ignition-transport8
[2.526s] -- Found Protobuf: /usr/lib/x86_64-linux-gnu/libprotobuf.so (found suitable version "3.12.4", minimum required is "3")
[2.550s] -- Config-file not installed for ZeroMQ -- checking for pkg-config
[2.559s] -- Checking for module 'libzmq >= 4'
[2.597s] --   Found libzmq, version 4.3.4
[2.731s] -- Checking for module 'uuid'
[2.770s] --   Found uuid, version 2.37.2
[2.854s] -- Looking for ignition-msgs5 -- found version 5.8.1
[2.854s] -- Searching for dependencies of ignition-msgs5
[2.900s] -- Looking for ignition-math6 -- found version 6.15.1
[2.918s] -- Looking for ignition-msgs5 -- found version 5.8.1
[2.921s] -- Looking for ignition-common3 -- found version 3.14.0
[2.921s] -- Searching for dependencies of ignition-common3
[2.922s] -- Looking for dlfcn.h - found
[2.922s] -- Looking for libdl - found
[2.949s] -- Searching for <ignition-common3> component [graphics]
[2.952s] -- Looking for ignition-common3-graphics -- found version 3.14.0
[2.952s] -- Searching for dependencies of ignition-common3-graphics
[2.953s] -- Looking for ignition-math6 -- found version 6.15.1
[2.958s] -- Looking for ignition-fuel_tools4 -- found version 4.4.0
[2.959s] -- Searching for dependencies of ignition-fuel_tools4
[3.043s] [0mCMake Deprecation Warning at /usr/lib/x86_64-linux-gnu/cmake/jsoncpp/jsoncppConfig.cmake:2 (cmake_policy):
[3.044s]   Compatibility with CMake < 3.10 will be removed from a future version of
[3.044s]   CMake.
[3.044s] 
[3.044s]   Update the VERSION argument <min> value.  Or, use the <min>...<max> syntax
[3.044s]   to tell CMake that the project requires at least <min> but has been updated
[3.044s]   to work with policies introduced by <max> or earlier.
[3.044s] Call Stack (most recent call first):
[3.045s]   /usr/share/cmake/ignition-cmake2/cmake2/FindJSONCPP.cmake:34 (find_package)
[3.045s]   /usr/lib/x86_64-linux-gnu/cmake/ignition-fuel_tools4/ignition-fuel_tools4-config.cmake:94 (find_package)
[3.045s]   /usr/lib/x86_64-linux-gnu/cmake/gazebo/gazebo-config.cmake:251 (find_package)
[3.045s]   /opt/ros/humble/share/gazebo_dev/cmake/gazebo_dev-extras.cmake:3 (find_package)
[3.045s]   /opt/ros/humble/share/gazebo_dev/cmake/gazebo_devConfig.cmake:41 (include)
[3.045s]   CMakeLists.txt:8 (find_package)
[3.045s] 
[3.045s] [0m
[3.060s] -- Checking for module 'jsoncpp'
[3.094s] --   Found jsoncpp, version 1.9.5
[3.172s] -- Found JSONCPP: TRUE
[3.189s] -- Checking for module 'libzip'
[3.364s] --   Found libzip, version 1.7.3
[3.474s] -- Found ZIP: TRUE
[3.474s] -- Looking for ignition-common3 -- found version 3.14.0
[3.475s] -- Looking for ignition-math6 -- found version 6.15.1
[3.476s] -- Looking for ignition-msgs5 -- found version 5.8.1
[3.497s] -- Gazebo version: 11.10
[3.499s] -- Checking for module 'tbb'
[3.545s] --   Found tbb, version 2021.5.0
[3.667s] -- Found gazebo_ros: 3.9.0 (/opt/ros/humble/share/gazebo_ros/cmake)
[4.070s] -- Found yaml_cpp_vendor: 8.0.2 (/opt/ros/humble/share/yaml_cpp_vendor/cmake)
[4.745s] -- Found ament_cmake_gtest: 1.3.12 (/opt/ros/humble/share/ament_cmake_gtest/cmake)
[4.752s] -- Found ament_lint_auto: 0.12.14 (/opt/ros/humble/share/ament_lint_auto/cmake)
[5.132s] -- Added test 'copyright' to check source files copyright and LICENSE
[5.288s] -- Added test 'cppcheck' to perform static code analysis on C / C++ code
[5.290s] -- Configured cppcheck include dirs: /home/devika/new_manipulator/src/gazebo_ros2_control/include
[5.290s] -- Configured cppcheck exclude dirs and/or files: 
[5.296s] -- Added test 'cpplint' to check C / C++ code against the Google style
[5.297s] -- Configured cpplint exclude dirs and/or files: 
[5.301s] -- Added test 'lint_cmake' to check CMake code style
[5.309s] -- Added test 'uncrustify' to check C / C++ code style
[5.309s] -- Configured uncrustify additional arguments: 
[5.313s] -- Added test 'xmllint' to check XML markup files
[5.322s] -- Configuring done (5.1s)
[7.627s] -- Generating done (2.3s)
[7.641s] -- Build files have been written to: /home/devika/new_manipulator/src/build/gazebo_ros2_control
[7.674s] Invoked command in '/home/devika/new_manipulator/src/build/gazebo_ros2_control' returned '0': CMAKE_PREFIX_PATH=${CMAKE_PREFIX_PATH}:/opt/ros/humble /home/devika/.local/bin/cmake /home/devika/new_manipulator/src/gazebo_ros2_control -DCMAKE_POLICY_VERSION_MINIMUM=3.5 -DCMAKE_INSTALL_PREFIX=/home/devika/new_manipulator/src/install/gazebo_ros2_control
[7.677s] Invoking command in '/home/devika/new_manipulator/src/build/gazebo_ros2_control': CMAKE_PREFIX_PATH=${CMAKE_PREFIX_PATH}:/opt/ros/humble /home/devika/.local/bin/cmake --build /home/devika/new_manipulator/src/build/gazebo_ros2_control -- -j8 -l8
[7.864s] [ 25%] [32mBuilding CXX object CMakeFiles/gazebo_hardware_plugins.dir/src/gazebo_system.cpp.o[0m
[7.866s] [ 50%] [32mBuilding CXX object CMakeFiles/gazebo_ros2_control.dir/src/gazebo_ros2_control_plugin.cpp.o[0m
[46.932s] [ 75%] [1m[32mLinking CXX shared library libgazebo_hardware_plugins.so[0m
[49.877s] [ 75%] [0mBuilt target gazebo_hardware_plugins[0m
