-- Found ament_cmake: 1.3.12 (/opt/ros/humble/share/ament_cmake/cmake)
-- Found rclcpp: 16.0.17 (/opt/ros/humble/share/rclcpp/cmake)
-- Found rosidl_generator_c: 3.1.8 (/opt/ros/humble/share/rosidl_generator_c/cmake)
-- Found rosidl_adapter: 3.1.8 (/opt/ros/humble/share/rosidl_adapter/cmake)
-- Found rosidl_generator_cpp: 3.1.8 (/opt/ros/humble/share/rosidl_generator_cpp/cmake)
-- Using all available rosidl_typesupport_c: rosidl_typesupport_fastrtps_c;rosidl_typesupport_introspection_c
-- Using all available rosidl_typesupport_cpp: rosidl_typesupport_fastrtps_cpp;rosidl_typesupport_introspection_cpp
-- Found rmw_implementation_cmake: 6.1.2 (/opt/ros/humble/share/rmw_implementation_cmake/cmake)
-- Found rmw_fastrtps_cpp: 6.2.9 (/opt/ros/humble/share/rmw_fastrtps_cpp/cmake)
-- Using RMW implementation 'rmw_fastrtps_cpp' as default
-- Found moveit_ros_planning_interface: 2.5.9 (/opt/ros/humble/share/moveit_ros_planning_interface/cmake)
-- Found Boost: /usr/lib/x86_64-linux-gnu/cmake/Boost-1.74.0/BoostConfig.cmake (found version "1.74.0") found components: date_time filesystem program_options system thread
-- Found Boost: /usr/lib/x86_64-linux-gnu/cmake/Boost-1.74.0/BoostConfig.cmake (found version "1.74.0") found components: chrono date_time filesystem iostreams program_options regex serialization system thread
-- Found parameter_traits: 0.6.0 (/opt/ros/humble/share/parameter_traits/cmake)
-- Found rclcpp_lifecycle: 16.0.17 (/opt/ros/humble/share/rclcpp_lifecycle/cmake)
-- Found Boost: /usr/lib/x86_64-linux-gnu/cmake/Boost-1.74.0/BoostConfig.cmake (found version "1.74.0") found components: filesystem
-- library: /usr/lib/x86_64-linux-gnu/libcurl.so
-- Ensuring Eigen3 include directory is part of orocos-kdl CMake target
-- Found Boost: /usr/lib/x86_64-linux-gnu/cmake/Boost-1.74.0/BoostConfig.cmake (found version "1.74.0") found components: system filesystem date_time program_options thread chrono
-- Found Boost: /usr/lib/x86_64-linux-gnu/cmake/Boost-1.74.0/BoostConfig.cmake (found version "1.74.0") found components: thread system filesystem regex date_time program_options
-- Found Boost: /usr/lib/x86_64-linux-gnu/cmake/Boost-1.74.0/BoostConfig.cmake (found version "1.74.0") found components: system filesystem date_time program_options thread
-- Configuring done (2.5s)
-- Generating done (0.1s)
-- Build files have been written to: /home/devika/new_manipulator/src/build/joystick_cartesian_control
[100%] [0mBuilt target joystick_cartesian_node[0m
[100%] [0mBuilt target continuous_cartesian_node[0m
-- Install configuration: ""
-- Installing: /home/devika/new_manipulator/src/install/joystick_cartesian_control/lib/joystick_cartesian_control/joystick_cartesian_node
-- Set non-toolchain portion of runtime path of "/home/devika/new_manipulator/src/install/joystick_cartesian_control/lib/joystick_cartesian_control/joystick_cartesian_node" to ""
-- Installing: /home/devika/new_manipulator/src/install/joystick_cartesian_control/lib/joystick_cartesian_control/continuous_cartesian_node
-- Set non-toolchain portion of runtime path of "/home/devika/new_manipulator/src/install/joystick_cartesian_control/lib/joystick_cartesian_control/continuous_cartesian_node" to ""
-- Installing: /home/devika/new_manipulator/src/install/joystick_cartesian_control/share/joystick_cartesian_control//launch
-- Installing: /home/devika/new_manipulator/src/install/joystick_cartesian_control/share/joystick_cartesian_control//launch/joystick_control.launch.py
-- Installing: /home/devika/new_manipulator/src/install/joystick_cartesian_control/share/ament_index/resource_index/package_run_dependencies/joystick_cartesian_control
-- Installing: /home/devika/new_manipulator/src/install/joystick_cartesian_control/share/ament_index/resource_index/parent_prefix_path/joystick_cartesian_control
-- Installing: /home/devika/new_manipulator/src/install/joystick_cartesian_control/share/joystick_cartesian_control/environment/ament_prefix_path.sh
-- Installing: /home/devika/new_manipulator/src/install/joystick_cartesian_control/share/joystick_cartesian_control/environment/ament_prefix_path.dsv
-- Installing: /home/devika/new_manipulator/src/install/joystick_cartesian_control/share/joystick_cartesian_control/environment/path.sh
-- Installing: /home/devika/new_manipulator/src/install/joystick_cartesian_control/share/joystick_cartesian_control/environment/path.dsv
-- Installing: /home/devika/new_manipulator/src/install/joystick_cartesian_control/share/joystick_cartesian_control/local_setup.bash
-- Installing: /home/devika/new_manipulator/src/install/joystick_cartesian_control/share/joystick_cartesian_control/local_setup.sh
-- Installing: /home/devika/new_manipulator/src/install/joystick_cartesian_control/share/joystick_cartesian_control/local_setup.zsh
-- Installing: /home/devika/new_manipulator/src/install/joystick_cartesian_control/share/joystick_cartesian_control/local_setup.dsv
-- Installing: /home/devika/new_manipulator/src/install/joystick_cartesian_control/share/joystick_cartesian_control/package.dsv
-- Installing: /home/devika/new_manipulator/src/install/joystick_cartesian_control/share/ament_index/resource_index/packages/joystick_cartesian_control
-- Installing: /home/devika/new_manipulator/src/install/joystick_cartesian_control/share/joystick_cartesian_control/cmake/joystick_cartesian_controlConfig.cmake
-- Installing: /home/devika/new_manipulator/src/install/joystick_cartesian_control/share/joystick_cartesian_control/cmake/joystick_cartesian_controlConfig-version.cmake
-- Installing: /home/devika/new_manipulator/src/install/joystick_cartesian_control/share/joystick_cartesian_control/package.xml
