[0.040s] Invoking command in '/home/devika/new_manipulator/src/build/joystick_cartesian_control': CMAKE_PREFIX_PATH=${CMAKE_PREFIX_PATH}:/opt/ros/humble /home/devika/.local/bin/cmake /home/devika/new_manipulator/src/joystick_cartesian_control -DCMAKE_POLICY_VERSION_MINIMUM=3.5 -DCMAKE_INSTALL_PREFIX=/home/devika/new_manipulator/src/install/joystick_cartesian_control
[0.186s] [0mCMake Deprecation Warning at CMakeLists.txt:1 (cmake_minimum_required):
[0.186s]   Compatibility with CMake < 3.10 will be removed from a future version of
[0.186s]   CMake.
[0.186s] 
[0.187s]   Update the VERSION argument <min> value.  Or, use the <min>...<max> syntax
[0.187s]   to tell CMake that the project requires at least <min> but has been updated
[0.187s]   to work with policies introduced by <max> or earlier.
[0.187s] 
[0.187s] [0m
[0.204s] -- Found ament_cmake: 1.3.12 (/opt/ros/humble/share/ament_cmake/cmake)
[0.641s] -- Found rclcpp: 16.0.17 (/opt/ros/humble/share/rclcpp/cmake)
[0.719s] -- Found rosidl_generator_c: 3.1.8 (/opt/ros/humble/share/rosidl_generator_c/cmake)
[0.724s] -- Found rosidl_adapter: 3.1.8 (/opt/ros/humble/share/rosidl_adapter/cmake)
[0.735s] -- Found rosidl_generator_cpp: 3.1.8 (/opt/ros/humble/share/rosidl_generator_cpp/cmake)
[0.754s] -- Using all available rosidl_typesupport_c: rosidl_typesupport_fastrtps_c;rosidl_typesupport_introspection_c
[0.781s] -- Using all available rosidl_typesupport_cpp: rosidl_typesupport_fastrtps_cpp;rosidl_typesupport_introspection_cpp
[0.860s] -- Found rmw_implementation_cmake: 6.1.2 (/opt/ros/humble/share/rmw_implementation_cmake/cmake)
[0.865s] -- Found rmw_fastrtps_cpp: 6.2.9 (/opt/ros/humble/share/rmw_fastrtps_cpp/cmake)
[1.099s] -- Using RMW implementation 'rmw_fastrtps_cpp' as default
[1.216s] -- Found moveit_ros_planning_interface: 2.5.9 (/opt/ros/humble/share/moveit_ros_planning_interface/cmake)
[1.216s] [33mCMake Warning (dev) at /opt/ros/humble/share/moveit_ros_planning_interface/cmake/ConfigExtras.cmake:9 (find_package):
[1.217s]   Policy CMP0167 is not set: The FindBoost module is removed.  Run "cmake
[1.217s]   --help-policy CMP0167" for policy details.  Use the cmake_policy command to
[1.217s]   set the policy and suppress this warning.
[1.217s] 
[1.217s] Call Stack (most recent call first):
[1.217s]   /opt/ros/humble/share/moveit_ros_planning_interface/cmake/moveit_ros_planning_interfaceConfig.cmake:41 (include)
[1.217s]   CMakeLists.txt:11 (find_package)
[1.217s] This warning is for project developers.  Use -Wno-dev to suppress it.
[1.218s] [0m
[1.237s] -- Found Boost: /usr/lib/x86_64-linux-gnu/cmake/Boost-1.74.0/BoostConfig.cmake (found version "1.74.0") found components: date_time filesystem program_options system thread
[1.568s] [33mCMake Warning (dev) at /opt/ros/humble/share/moveit_core/cmake/ConfigExtras.cmake:3 (find_package):
[1.568s]   Policy CMP0167 is not set: The FindBoost module is removed.  Run "cmake
[1.568s]   --help-policy CMP0167" for policy details.  Use the cmake_policy command to
[1.569s]   set the policy and suppress this warning.
[1.569s] 
[1.569s] Call Stack (most recent call first):
[1.569s]   /opt/ros/humble/share/moveit_core/cmake/moveit_coreConfig.cmake:41 (include)
[1.569s]   /opt/ros/humble/share/moveit_ros_planning_interface/cmake/ament_cmake_export_dependencies-extras.cmake:21 (find_package)
[1.569s]   /opt/ros/humble/share/moveit_ros_planning_interface/cmake/moveit_ros_planning_interfaceConfig.cmake:41 (include)
[1.569s]   CMakeLists.txt:11 (find_package)
[1.569s] This warning is for project developers.  Use -Wno-dev to suppress it.
[1.569s] [0m
[1.582s] -- Found Boost: /usr/lib/x86_64-linux-gnu/cmake/Boost-1.74.0/BoostConfig.cmake (found version "1.74.0") found components: chrono date_time filesystem iostreams program_options regex serialization system thread
[1.646s] -- Found parameter_traits: 0.6.0 (/opt/ros/humble/share/parameter_traits/cmake)
[1.659s] -- Found rclcpp_lifecycle: 16.0.17 (/opt/ros/humble/share/rclcpp_lifecycle/cmake)
[1.803s] [33mCMake Warning (dev) at /opt/ros/humble/share/geometric_shapes/cmake/ConfigExtras.cmake:31 (find_package):
[1.803s]   Policy CMP0167 is not set: The FindBoost module is removed.  Run "cmake
[1.803s]   --help-policy CMP0167" for policy details.  Use the cmake_policy command to
[1.804s]   set the policy and suppress this warning.
[1.804s] 
[1.804s] Call Stack (most recent call first):
[1.804s]   /opt/ros/humble/share/geometric_shapes/cmake/geometric_shapesConfig.cmake:41 (include)
[1.804s]   /opt/ros/humble/share/moveit_core/cmake/ament_cmake_export_dependencies-extras.cmake:21 (find_package)
[1.805s]   /opt/ros/humble/share/moveit_core/cmake/moveit_coreConfig.cmake:41 (include)
[1.805s]   /opt/ros/humble/share/moveit_ros_planning_interface/cmake/ament_cmake_export_dependencies-extras.cmake:21 (find_package)
[1.805s]   /opt/ros/humble/share/moveit_ros_planning_interface/cmake/moveit_ros_planning_interfaceConfig.cmake:41 (include)
[1.805s]   CMakeLists.txt:11 (find_package)
[1.806s] This warning is for project developers.  Use -Wno-dev to suppress it.
[1.806s] [0m
[1.817s] -- Found Boost: /usr/lib/x86_64-linux-gnu/cmake/Boost-1.74.0/BoostConfig.cmake (found version "1.74.0") found components: filesystem
[1.909s] -- library: /usr/lib/x86_64-linux-gnu/libcurl.so
[1.986s] -- Ensuring Eigen3 include directory is part of orocos-kdl CMake target
[2.283s] [33mCMake Warning (dev) at /opt/ros/humble/share/moveit_ros_planning/cmake/ConfigExtras.cmake:3 (find_package):
[2.283s]   Policy CMP0167 is not set: The FindBoost module is removed.  Run "cmake
[2.283s]   --help-policy CMP0167" for policy details.  Use the cmake_policy command to
[2.283s]   set the policy and suppress this warning.
[2.284s] 
[2.284s] Call Stack (most recent call first):
[2.284s]   /opt/ros/humble/share/moveit_ros_planning/cmake/moveit_ros_planningConfig.cmake:41 (include)
[2.284s]   /opt/ros/humble/share/moveit_ros_planning_interface/cmake/ament_cmake_export_dependencies-extras.cmake:21 (find_package)
[2.284s]   /opt/ros/humble/share/moveit_ros_planning_interface/cmake/moveit_ros_planning_interfaceConfig.cmake:41 (include)
[2.284s]   CMakeLists.txt:11 (find_package)
[2.284s] This warning is for project developers.  Use -Wno-dev to suppress it.
[2.284s] [0m
[2.293s] -- Found Boost: /usr/lib/x86_64-linux-gnu/cmake/Boost-1.74.0/BoostConfig.cmake (found version "1.74.0") found components: system filesystem date_time program_options thread chrono
[2.356s] [33mCMake Warning (dev) at /opt/ros/humble/share/moveit_ros_warehouse/cmake/ConfigExtras.cmake:3 (find_package):
[2.356s]   Policy CMP0167 is not set: The FindBoost module is removed.  Run "cmake
[2.356s]   --help-policy CMP0167" for policy details.  Use the cmake_policy command to
[2.356s]   set the policy and suppress this warning.
[2.356s] 
[2.357s] Call Stack (most recent call first):
[2.357s]   /opt/ros/humble/share/moveit_ros_warehouse/cmake/moveit_ros_warehouseConfig.cmake:41 (include)
[2.357s]   /opt/ros/humble/share/moveit_ros_planning_interface/cmake/ament_cmake_export_dependencies-extras.cmake:21 (find_package)
[2.357s]   /opt/ros/humble/share/moveit_ros_planning_interface/cmake/moveit_ros_planning_interfaceConfig.cmake:41 (include)
[2.357s]   CMakeLists.txt:11 (find_package)
[2.357s] This warning is for project developers.  Use -Wno-dev to suppress it.
[2.358s] [0m
[2.366s] -- Found Boost: /usr/lib/x86_64-linux-gnu/cmake/Boost-1.74.0/BoostConfig.cmake (found version "1.74.0") found components: thread system filesystem regex date_time program_options
[2.412s] [33mCMake Warning (dev) at /opt/ros/humble/share/moveit_ros_move_group/cmake/ConfigExtras.cmake:3 (find_package):
[2.412s]   Policy CMP0167 is not set: The FindBoost module is removed.  Run "cmake
[2.413s]   --help-policy CMP0167" for policy details.  Use the cmake_policy command to
[2.413s]   set the policy and suppress this warning.
[2.413s] 
[2.414s] Call Stack (most recent call first):
[2.414s]   /opt/ros/humble/share/moveit_ros_move_group/cmake/moveit_ros_move_groupConfig.cmake:41 (include)
[2.415s]   /opt/ros/humble/share/moveit_ros_planning_interface/cmake/ament_cmake_export_dependencies-extras.cmake:21 (find_package)
[2.415s]   /opt/ros/humble/share/moveit_ros_planning_interface/cmake/moveit_ros_planning_interfaceConfig.cmake:41 (include)
[2.415s]   CMakeLists.txt:11 (find_package)
[2.416s] This warning is for project developers.  Use -Wno-dev to suppress it.
[2.416s] [0m
[2.421s] -- Found Boost: /usr/lib/x86_64-linux-gnu/cmake/Boost-1.74.0/BoostConfig.cmake (found version "1.74.0") found components: system filesystem date_time program_options thread
[2.653s] -- Configuring done (2.5s)
[2.738s] -- Generating done (0.1s)
[2.751s] -- Build files have been written to: /home/devika/new_manipulator/src/build/joystick_cartesian_control
[2.770s] Invoked command in '/home/devika/new_manipulator/src/build/joystick_cartesian_control' returned '0': CMAKE_PREFIX_PATH=${CMAKE_PREFIX_PATH}:/opt/ros/humble /home/devika/.local/bin/cmake /home/devika/new_manipulator/src/joystick_cartesian_control -DCMAKE_POLICY_VERSION_MINIMUM=3.5 -DCMAKE_INSTALL_PREFIX=/home/devika/new_manipulator/src/install/joystick_cartesian_control
[2.773s] Invoking command in '/home/devika/new_manipulator/src/build/joystick_cartesian_control': CMAKE_PREFIX_PATH=${CMAKE_PREFIX_PATH}:/opt/ros/humble /home/devika/.local/bin/cmake --build /home/devika/new_manipulator/src/build/joystick_cartesian_control -- -j8 -l8
[3.024s] [100%] [0mBuilt target joystick_cartesian_node[0m
[3.024s] [100%] [0mBuilt target continuous_cartesian_node[0m
[3.034s] Invoked command in '/home/devika/new_manipulator/src/build/joystick_cartesian_control' returned '0': CMAKE_PREFIX_PATH=${CMAKE_PREFIX_PATH}:/opt/ros/humble /home/devika/.local/bin/cmake --build /home/devika/new_manipulator/src/build/joystick_cartesian_control -- -j8 -l8
[3.036s] Invoking command in '/home/devika/new_manipulator/src/build/joystick_cartesian_control': CMAKE_PREFIX_PATH=${CMAKE_PREFIX_PATH}:/opt/ros/humble /home/devika/.local/bin/cmake --install /home/devika/new_manipulator/src/build/joystick_cartesian_control
[3.165s] -- Install configuration: ""
[3.165s] -- Installing: /home/devika/new_manipulator/src/install/joystick_cartesian_control/lib/joystick_cartesian_control/joystick_cartesian_node
[3.171s] -- Set non-toolchain portion of runtime path of "/home/devika/new_manipulator/src/install/joystick_cartesian_control/lib/joystick_cartesian_control/joystick_cartesian_node" to ""
[3.171s] -- Installing: /home/devika/new_manipulator/src/install/joystick_cartesian_control/lib/joystick_cartesian_control/continuous_cartesian_node
[3.177s] -- Set non-toolchain portion of runtime path of "/home/devika/new_manipulator/src/install/joystick_cartesian_control/lib/joystick_cartesian_control/continuous_cartesian_node" to ""
[3.177s] -- Installing: /home/devika/new_manipulator/src/install/joystick_cartesian_control/share/joystick_cartesian_control//launch
[3.308s] -- Installing: /home/devika/new_manipulator/src/install/joystick_cartesian_control/share/joystick_cartesian_control//launch/joystick_control.launch.py
[3.314s] -- Installing: /home/devika/new_manipulator/src/install/joystick_cartesian_control/share/ament_index/resource_index/package_run_dependencies/joystick_cartesian_control
[3.314s] -- Installing: /home/devika/new_manipulator/src/install/joystick_cartesian_control/share/ament_index/resource_index/parent_prefix_path/joystick_cartesian_control
[3.314s] -- Installing: /home/devika/new_manipulator/src/install/joystick_cartesian_control/share/joystick_cartesian_control/environment/ament_prefix_path.sh
[3.315s] -- Installing: /home/devika/new_manipulator/src/install/joystick_cartesian_control/share/joystick_cartesian_control/environment/ament_prefix_path.dsv
[3.315s] -- Installing: /home/devika/new_manipulator/src/install/joystick_cartesian_control/share/joystick_cartesian_control/environment/path.sh
[3.316s] -- Installing: /home/devika/new_manipulator/src/install/joystick_cartesian_control/share/joystick_cartesian_control/environment/path.dsv
[3.316s] -- Installing: /home/devika/new_manipulator/src/install/joystick_cartesian_control/share/joystick_cartesian_control/local_setup.bash
[3.316s] -- Installing: /home/devika/new_manipulator/src/install/joystick_cartesian_control/share/joystick_cartesian_control/local_setup.sh
[3.317s] -- Installing: /home/devika/new_manipulator/src/install/joystick_cartesian_control/share/joystick_cartesian_control/local_setup.zsh
[3.317s] -- Installing: /home/devika/new_manipulator/src/install/joystick_cartesian_control/share/joystick_cartesian_control/local_setup.dsv
[3.318s] -- Installing: /home/devika/new_manipulator/src/install/joystick_cartesian_control/share/joystick_cartesian_control/package.dsv
[3.318s] -- Installing: /home/devika/new_manipulator/src/install/joystick_cartesian_control/share/ament_index/resource_index/packages/joystick_cartesian_control
[3.319s] -- Installing: /home/devika/new_manipulator/src/install/joystick_cartesian_control/share/joystick_cartesian_control/cmake/joystick_cartesian_controlConfig.cmake
[3.319s] -- Installing: /home/devika/new_manipulator/src/install/joystick_cartesian_control/share/joystick_cartesian_control/cmake/joystick_cartesian_controlConfig-version.cmake
[3.319s] -- Installing: /home/devika/new_manipulator/src/install/joystick_cartesian_control/share/joystick_cartesian_control/package.xml
[3.322s] Invoked command in '/home/devika/new_manipulator/src/build/joystick_cartesian_control' returned '0': CMAKE_PREFIX_PATH=${CMAKE_PREFIX_PATH}:/opt/ros/humble /home/devika/.local/bin/cmake --install /home/devika/new_manipulator/src/build/joystick_cartesian_control
